#
# A fatal error has been detected by the Java Runtime Environment:
#
#  SIGSEGV (0xb) at pc=0x00007f7c981f3dd0, pid=100576, tid=100578
#
# JRE version: OpenJDK Runtime Environment (21.0.1+12) (build 21.0.1+12-29)
# Java VM: OpenJDK 64-Bit Server VM (21.0.1+12-29, mixed mode, sharing, tiered, compressed oops, compressed class ptrs, g1 gc, linux-amd64)
# Problematic frame:
# C  0x00007f7c981f3dd0
#
# Core dump will be written. Default location: Core dumps may be processed with "/usr/lib/systemd/systemd-coredump %P %u %g %s %t %c %h" (or dumping to /home/alec/IdeaProjects/cool-fuzz/core.100576)
#
# If you would like to submit a bug report, please visit:
#   https://bugreport.java.com/bugreport/crash.jsp
#

---------------  S U M M A R Y ------------

Command Line: --enable-preview -Djava.library.path=/home/alec/IdeaProjects/cool-fuzz -javaagent:/home/alec/.local/share/JetBrains/Toolbox/apps/intellij-idea-ultimate/lib/idea_rt.jar=37509:/home/alec/.local/share/JetBrains/Toolbox/apps/intellij-idea-ultimate/bin -Dfile.encoding=UTF-8 -Dsun.stdout.encoding=UTF-8 -Dsun.stderr.encoding=UTF-8 --module-path=/home/alec/IdeaProjects/cool-fuzz/antlr-4.13.1-complete.jar:/home/alec/IdeaProjects/cool-fuzz/iced-x86-1.20.0.jar:/home/alec/IdeaProjects/cool-fuzz/out/production/ax.xz.fuzz -Djdk.module.main=ax.xz.fuzz ax.xz.fuzz/ax.xz.fuzz.BigTest

Host: 11th Gen Intel(R) Core(TM) i7-1185G7 @ 3.00GHz, 8 cores, 31G, Manjaro Linux
Time: Mon Nov 13 21:38:54 2023 PST elapsed time: 0.216160 seconds (0d 0h 0m 0s)

---------------  T H R E A D  ---------------

Current thread (0x00007f7c9802aea0):  JavaThread "main"             [_thread_in_Java, id=100578, stack(0x00007f7c9cd00000,0x00007f7c9ce00000) (1024K)]

Stack: [0x00007f7c9cd00000,0x00007f7c9ce00000],  sp=0x00007f7c9cdfe5c0,  free space=1017k
Native frames: (J=compiled Java code, j=interpreted, Vv=VM code, C=native code)
C  0x00007f7c981f3dd0

siginfo: si_signo: 11 (SIGSEGV), si_code: 2 (SEGV_ACCERR), si_addr: 0x00007f7c981f3dd0

Registers:
RAX=0x0000000000000001, RBX=0x00007f7c143253c8, RCX=0x00007f7c9e4e49d8, RDX=0x00007f7c8806a9c4
RSP=0x00007f7c9cdfe5c0, RBP=0x0000000000000001, RSI=0x0000000000000001, RDI=0x00007f7c981f3dd0
R8 =0x00007f7c9cdfe5a0, R9 =0x00007f7c9cdfe5b0, R10=0x0000000000000008, R11=0x0000000000000246
R12=0x0000000000000000, R13=0x00007f7c9cdfe5c0, R14=0x00007f7c9cdfe698, R15=0x00007f7c9802aea0
RIP=0x00007f7c981f3dd0, EFLAGS=0x0000000000010202, CSGSFS=0x002b000000000033, ERR=0x0000000000000015
  TRAPNO=0x000000000000000e


Register to memory mapping:

RAX=0x0000000000000001 is an unknown value
RBX={method} {0x00007f7c143253c8} 'linkToNative' '(JJIJLjava/lang/Object;)I' in 'java/lang/invoke/MethodHandle'
RCX=0x00007f7c9e4e49d8: pthread_sigmask+0x0000000000000048 in /usr/lib/libc.so.6 at 0x00007f7c9e451000
RDX=0x00007f7c8806a9c4 is at code_begin+68 in 
[CodeBlob (0x00007f7c8806a910)]
Framesize: 4
Runtime Stub (0x00007f7c8806a910): nep_invoker_blob
--------------------------------------------------------------------------------
Decoding CodeBlob, name: nep_invoker_blob, at  [0x00007f7c8806a980, 0x00007f7c8806aa80]  256 bytes
[MachCode]
  0x00007f7c8806a980: 5548 8bec | 4883 ec10 | c5f8 7749 | 89af a803 | 0000 49ba | 88a9 0688 | 7c7f 0000 | 4d89 97a0 
  0x00007f7c8806a9a0: 0300 0049 | 89a7 9803 | 0000 41c7 | 874c 0400 | 0004 0000 | 0049 8bc0 | 4c8b d648 | 8bf1 488b 
  0x00007f7c8806a9c0: fa41 ffd2 | c5f8 7741 | c787 4c04 | 0000 0500 | 0000 f083 | 4424 c000 | 493b af50 | 0400 000f 
  0x00007f7c8806a9e0: 874d 0000 | 0041 83bf | 4804 0000 | 000f 853f | 0000 0041 | c787 4c04 | 0000 0800 | 0000 4183 
  0x00007f7c8806aa00: bfc8 0400 | 0002 0f84 | 4c00 0000 | 49c7 8798 | 0300 0000 | 0000 0049 | c787 a803 | 0000 0000 
  0x00007f7c8806aa20: 0000 49c7 | 87a0 0300 | 0000 0000 | 00c5 f877 | c9c3 c5f8 | 7748 8904 | 2449 8bff | 4c8b e448 
  0x00007f7c8806aa40: 83ec 0048 | 83e4 f0e8 | 14c4 6815 | 498b e44d | 33e4 488b | 0424 eb9b | c5f8 7748 | 8904 244c 
  0x00007f7c8806aa60: 8be4 4883 | ec00 4883 | e4f0 e8d1 | d1b0 1549 | 8be4 4d33 | e448 8b04 | 24eb 91f4 | f4f4 f4f4 
[/MachCode]
--------------------------------------------------------------------------------
RSP=0x00007f7c9cdfe5c0 is pointing into the stack for thread: 0x00007f7c9802aea0
RBP=0x0000000000000001 is an unknown value
RSI=0x0000000000000001 is an unknown value
RDI=0x00007f7c981f3dd0 points into unknown readable memory: 0x00007f7c143253c8 | c8 53 32 14 7c 7f 00 00
R8 =0x00007f7c9cdfe5a0 is pointing into the stack for thread: 0x00007f7c9802aea0
R9 =0x00007f7c9cdfe5b0 is pointing into the stack for thread: 0x00007f7c9802aea0
R10=0x0000000000000008 is an unknown value
R11=0x0000000000000246 is an unknown value
R12=0x0 is null
R13=0x00007f7c9cdfe5c0 is pointing into the stack for thread: 0x00007f7c9802aea0
R14=0x00007f7c9cdfe698 is pointing into the stack for thread: 0x00007f7c9802aea0
R15=0x00007f7c9802aea0 is a thread

Top of Stack: (sp=0x00007f7c9cdfe5c0)
0x00007f7c9cdfe5c0:   0000000000000000 00007f7c9e48f3f0
0x00007f7c9cdfe5d0:   0000000000000000 000000062c4b94c0
0x00007f7c9cdfe5e0:   00007f7c9cdfe5e0 00007f7c1446f2a1
0x00007f7c9cdfe5f0:   000000000000000a 00007f7c1446f3e0
0x00007f7c9cdfe600:   0000000000000000 000000062c54a320
0x00007f7c9cdfe610:   00007f7c1446f2b0 00007f7c9cdfe5a0
0x00007f7c9cdfe620:   00007f7c9cdfe638 00007f7c9cdfe6c8
0x00007f7c9cdfe630:   00007f7c87f3f166 000000062c4b5a18
0x00007f7c9cdfe640:   0000000000000000 0000000000000000
0x00007f7c9cdfe650:   0000000000000001 00007f7c981f3dd0
0x00007f7c9cdfe660:   0000000000000000 00007f7c9e48f3f0
0x00007f7c9cdfe670:   0000000000000000 000000062c4b94c0
0x00007f7c9cdfe680:   00007f7c9cdfe680 00007f7c14460b87
0x00007f7c9cdfe690:   0000000000000011 00007f7c14460d00
0x00007f7c9cdfe6a0:   0000000000000000 000000062c4c62e8
0x00007f7c9cdfe6b0:   00007f7c14460bd8 00007f7c9cdfe638
0x00007f7c9cdfe6c0:   00007f7c9cdfe720 00007f7c9cdfe7a0
0x00007f7c9cdfe6d0:   00007f7c87f3f166 000000062c8d1820
0x00007f7c9cdfe6e0:   000000062c8a9668 000000062c8a4ef8
0x00007f7c9cdfe6f0:   0000000000000000 0000000000000000
0x00007f7c9cdfe700:   0000000000000001 00007f7c981f3dd0
0x00007f7c9cdfe710:   0000000000000000 00007f7c9e48f3f0
0x00007f7c9cdfe720:   0000000000000000 0000000000000000
0x00007f7c9cdfe730:   0000000000000000 0000000000000001
0x00007f7c9cdfe740:   000000062c8ba900 000000062c4b3858
0x00007f7c9cdfe750:   000000062c8e1318 00007f7c9cdfe758
0x00007f7c9cdfe760:   00007f7c1446127a 0000000000000009
0x00007f7c9cdfe770:   00007f7c144613b8 0000000000000000
0x00007f7c9cdfe780:   000000062c4c9b50 00007f7c14461288
0x00007f7c9cdfe790:   00007f7c9cdfe720 00007f7c9cdfe7b8
0x00007f7c9cdfe7a0:   00007f7c9cdfe838 00007f7c87f3f166
0x00007f7c9cdfe7b0:   000000062c4c63c8 0000000000000000 

Instructions: (pc=0x00007f7c981f3dd0)
0x00007f7c981f3cd0:   b0 3c 1f 98 7c 7f 00 00 a0 0e 09 88 7c 7f 00 00
0x00007f7c981f3ce0:   0f 0f 09 88 7c 7f 00 00 dd 0e 09 88 7c 7f 00 00
0x00007f7c981f3cf0:   49 0f 09 88 7c 7f 00 00 35 00 00 00 00 00 00 00
0x00007f7c981f3d00:   bb be be 00 00 00 00 00 b0 3c 1f 98 7c 7f 00 00
0x00007f7c981f3d10:   d0 3c 1f 98 7c 7f 00 00 00 00 00 00 00 00 00 00
0x00007f7c981f3d20:   00 00 00 00 00 00 00 00 25 00 00 00 00 00 00 00
0x00007f7c981f3d30:   ab be be 0b 00 00 00 00 00 00 00 00 00 00 00 00
0x00007f7c981f3d40:   ff ff ff ff 00 00 00 00 35 00 00 00 00 00 00 00
0x00007f7c981f3d50:   30 3d 1f 98 7c 7f 00 00 20 09 09 88 7c 7f 00 00
0x00007f7c981f3d60:   93 09 09 88 7c 7f 00 00 61 09 09 88 7c 7f 00 00
0x00007f7c981f3d70:   cd 09 09 88 7c 7f 00 00 35 00 00 00 00 00 00 00
0x00007f7c981f3d80:   ab be be 0b 00 00 00 00 30 3d 1f 98 7c 7f 00 00
0x00007f7c981f3d90:   50 3d 1f 98 7c 7f 00 00 f0 33 20 98 7c 7f 00 00
0x00007f7c981f3da0:   00 00 00 00 00 00 00 00 25 00 00 00 00 00 00 00
0x00007f7c981f3db0:   00 00 00 00 00 00 00 00 a0 78 00 e8 7b 7f 00 00
0x00007f7c981f3dc0:   00 00 00 00 00 00 00 00 15 10 00 00 00 00 00 00
0x00007f7c981f3dd0:   c8 53 32 14 7c 7f 00 00 e0 57 ba cb 7c 89 07 49
0x00007f7c981f3de0:   00 00 00 00 00 00 00 00 c0 e5 df 9c 7c 7f 00 00
0x00007f7c981f3df0:   98 e6 df 9c 7c 7f 00 00 a0 ae 02 98 7c 7f 00 00
0x00007f7c981f3e00:   e0 57 9a cb 7c 89 07 49 e0 57 52 53 ce a0 07 49
0x00007f7c981f3e10:   01 00 00 00 00 00 00 00 04 00 00 00 00 00 00 00
0x00007f7c981f3e20:   00 00 00 00 00 00 00 00 00 00 00 00 00 00 00 00
0x00007f7c981f3e30:   00 00 00 00 00 00 00 00 00 00 00 00 00 00 00 00
0x00007f7c981f3e40:   00 00 00 00 00 00 00 00 00 00 00 00 00 00 00 00
0x00007f7c981f3e50:   00 00 00 00 00 00 00 00 00 00 00 00 00 00 00 00
0x00007f7c981f3e60:   00 00 00 00 00 00 00 00 00 00 00 00 00 00 00 00
0x00007f7c981f3e70:   00 00 00 00 00 00 00 00 00 00 00 00 00 00 00 00
0x00007f7c981f3e80:   00 00 00 00 00 00 00 00 00 00 00 00 00 00 00 00
0x00007f7c981f3e90:   00 00 00 00 00 00 00 00 00 00 00 00 00 00 00 00
0x00007f7c981f3ea0:   00 00 00 00 00 00 00 00 00 00 00 00 00 00 00 00
0x00007f7c981f3eb0:   00 00 00 00 00 00 00 00 00 00 00 00 00 00 00 00
0x00007f7c981f3ec0:   00 00 00 00 00 00 00 00 00 00 00 00 00 00 00 00 


Stack slot to memory mapping:

stack at sp + 0 slots: 0x0 is null
stack at sp + 1 slots: 0x00007f7c9e48f3f0: longjmp+0x0000000000000000 in /usr/lib/libc.so.6 at 0x00007f7c9e451000
stack at sp + 2 slots: 0x0 is null
stack at sp + 3 slots: 0x000000062c4b94c0 is an oop: java.lang.invoke.NativeMethodHandle 
{0x000000062c4b94c0} - klass: 'java/lang/invoke/NativeMethodHandle'
 - ---- fields (total size 5 words):
 - private 'customizationCount' 'B' @12  127 (0x7f)
 - private volatile 'updateInProgress' 'Z' @13  false (0x00)
 - private final 'type' 'Ljava/lang/invoke/MethodType;' @16  a 'java/lang/invoke/MethodType'{0x000000062c4b5a18} = (JJIJ)V (0xc5896b43)
 - final 'form' 'Ljava/lang/invoke/LambdaForm;' @20  a 'java/lang/invoke/LambdaForm'{0x000000062c555d78} => a 'java/lang/invoke/MemberName'{0x000000062c558c60} = {method} {0x00007f7c144712d8} 'invoke' '(Ljava/lang/Object;JJIJ)V' in 'java/lang/invoke/LambdaForm$MH+0x00007f7c200d2400' (0xc58aabaf)
 - private 'asTypeCache' 'Ljava/lang/invoke/MethodHandle;' @24  null (0x00000000)
 - private 'asTypeSoftCache' 'Ljava/lang/ref/SoftReference;' @28  null (0x00000000)
 - final 'nep' 'Ljdk/internal/foreign/abi/NativeEntryPoint;' @32  a 'jdk/internal/foreign/abi/NativeEntryPoint'{0x000000062c4b6410} (0xc5896c82)
stack at sp + 4 slots: 0x00007f7c9cdfe5e0 is pointing into the stack for thread: 0x00007f7c9802aea0
stack at sp + 5 slots: 0x00007f7c1446f2a1 is pointing into metadata
stack at sp + 6 slots: 0x000000000000000a is an unknown value
stack at sp + 7 slots: 0x00007f7c1446f3e0 is pointing into metadata


---------------  P R O C E S S  ---------------

Threads class SMR info:
_java_thread_list=0x00007f7c981edf50, length=13, elements={
0x00007f7c9802aea0, 0x00007f7c9812e310, 0x00007f7c9812f960, 0x00007f7c98131440,
0x00007f7c98132a80, 0x00007f7c98134020, 0x00007f7c98135b60, 0x00007f7c98137220,
0x00007f7c9815c540, 0x00007f7bf80a7450, 0x00007f7bf80a8cc0, 0x00007f7c981eb8b0,
0x00007f7c981ecfa0
}

Java Threads: ( => current thread )
=>0x00007f7c9802aea0 JavaThread "main"                              [_thread_in_Java, id=100578, stack(0x00007f7c9cd00000,0x00007f7c9ce00000) (1024K)]
  0x00007f7c9812e310 JavaThread "Reference Handler"          daemon [_thread_blocked, id=100594, stack(0x00007f7c740bf000,0x00007f7c741bf000) (1024K)]
  0x00007f7c9812f960 JavaThread "Finalizer"                  daemon [_thread_blocked, id=100595, stack(0x00007f7c1ef00000,0x00007f7c1f000000) (1024K)]
  0x00007f7c98131440 JavaThread "Signal Dispatcher"          daemon [_thread_blocked, id=100596, stack(0x00007f7c1eb00000,0x00007f7c1ec00000) (1024K)]
  0x00007f7c98132a80 JavaThread "Service Thread"             daemon [_thread_blocked, id=100597, stack(0x00007f7c1e9ff000,0x00007f7c1eaff000) (1024K)]
  0x00007f7c98134020 JavaThread "Monitor Deflation Thread"   daemon [_thread_blocked, id=100598, stack(0x00007f7c1e8fe000,0x00007f7c1e9fe000) (1024K)]
  0x00007f7c98135b60 JavaThread "C2 CompilerThread0"         daemon [_thread_blocked, id=100599, stack(0x00007f7c1e7fd000,0x00007f7c1e8fd000) (1024K)]
  0x00007f7c98137220 JavaThread "C1 CompilerThread0"         daemon [_thread_blocked, id=100600, stack(0x00007f7c1e6fc000,0x00007f7c1e7fc000) (1024K)]
  0x00007f7c9815c540 JavaThread "Common-Cleaner"             daemon [_thread_blocked, id=100602, stack(0x00007f7c1e52b000,0x00007f7c1e62b000) (1024K)]
  0x00007f7bf80a7450 JavaThread "C2 CompilerThread1"         daemon [_thread_blocked, id=100604, stack(0x00007f7c1e42a000,0x00007f7c1e52a000) (1024K)]
  0x00007f7bf80a8cc0 JavaThread "C2 CompilerThread2"         daemon [_thread_blocked, id=100605, stack(0x00007f7c1e329000,0x00007f7c1e429000) (1024K)]
  0x00007f7c981eb8b0 JavaThread "Monitor Ctrl-Break"         daemon [_thread_in_native, id=100606, stack(0x00007f7c1e228000,0x00007f7c1e328000) (1024K)]
  0x00007f7c981ecfa0 JavaThread "Notification Thread"        daemon [_thread_blocked, id=100607, stack(0x00007f7c1e127000,0x00007f7c1e227000) (1024K)]
Total: 13

Other Threads:
  0x00007f7c9811fee0 VMThread "VM Thread"                           [id=100592, stack(0x00007f7c741c0000,0x00007f7c742c0000) (1024K)]
  0x00007f7c98105d20 WatcherThread "VM Periodic Task Thread"        [id=100591, stack(0x00007f7c742c1000,0x00007f7c743c1000) (1024K)]
  0x00007f7c98055bd0 WorkerThread "GC Thread#0"                     [id=100579, stack(0x00007f7c9c1a1000,0x00007f7c9c2a1000) (1024K)]
  0x00007f7c98066af0 ConcurrentGCThread "G1 Main Marker"            [id=100580, stack(0x00007f7c9c0a0000,0x00007f7c9c1a0000) (1024K)]
  0x00007f7c98067a90 WorkerThread "G1 Conc#0"                       [id=100581, stack(0x00007f7c97f00000,0x00007f7c98000000) (1024K)]
  0x00007f7c980f3590 ConcurrentGCThread "G1 Refine#0"               [id=100582, stack(0x00007f7c74544000,0x00007f7c74644000) (1024K)]
  0x00007f7c980f4540 ConcurrentGCThread "G1 Service"                [id=100583, stack(0x00007f7c74443000,0x00007f7c74543000) (1024K)]
Total: 7

Threads with active compile tasks:
Total: 0

VM state: not at safepoint (normal execution)

VM Mutex/Monitor currently owned by a thread: None

Heap address: 0x000000060dc00000, size: 7972 MB, Compressed Oops mode: Zero based, Oop shift amount: 3

CDS archive(s) mapped at: [0x00007f7c1f000000-0x00007f7c1fca5000-0x00007f7c1fca5000), size 13258752, SharedBaseAddress: 0x00007f7c1f000000, ArchiveRelocationMode: 1.
Compressed class space mapped at: 0x00007f7c20000000-0x00007f7c60000000, reserved size: 1073741824
Narrow klass base: 0x00007f7c1f000000, Narrow klass shift: 0, Narrow klass range: 0x100000000

GC Precious Log:
 CardTable entry size: 512
 Card Set container configuration: InlinePtr #cards 4 size 8 Array Of Cards #cards 32 size 80 Howl #buckets 8 coarsen threshold 7372 Howl Bitmap #cards 1024 size 144 coarsen threshold 921 Card regions per heap region 1 cards per card region 8192
 CPUs: 8 total, 8 available
 Memory: 31886M
 Large Page Support: Disabled
 NUMA Support: Disabled
 Compressed Oops: Enabled (Zero based)
 Heap Region Size: 4M
 Heap Min Capacity: 8M
 Heap Initial Capacity: 500M
 Heap Max Capacity: 7972M
 Pre-touch: Disabled
 Parallel Workers: 8
 Concurrent Workers: 2
 Concurrent Refinement Workers: 8
 Periodic GC: Disabled

Heap:
 garbage-first heap   total 516096K, used 9245K [0x000000060dc00000, 0x0000000800000000)
  region size 4096K, 3 young (12288K), 0 survivors (0K)
 Metaspace       used 4276K, committed 4672K, reserved 1114112K
  class space    used 517K, committed 704K, reserved 1048576K

Heap Regions: E=young(eden), S=young(survivor), O=old, HS=humongous(starts), HC=humongous(continues), CS=collection set, F=free, TAMS=top-at-mark-start, PB=parsable bottom
|   0|0x000000060dc00000, 0x000000060dc00000, 0x000000060e000000|  0%| F|  |TAMS 0x000000060dc00000| PB 0x000000060dc00000| Untracked 
|   1|0x000000060e000000, 0x000000060e000000, 0x000000060e400000|  0%| F|  |TAMS 0x000000060e000000| PB 0x000000060e000000| Untracked 
|   2|0x000000060e400000, 0x000000060e400000, 0x000000060e800000|  0%| F|  |TAMS 0x000000060e400000| PB 0x000000060e400000| Untracked 
|   3|0x000000060e800000, 0x000000060e800000, 0x000000060ec00000|  0%| F|  |TAMS 0x000000060e800000| PB 0x000000060e800000| Untracked 
|   4|0x000000060ec00000, 0x000000060ec00000, 0x000000060f000000|  0%| F|  |TAMS 0x000000060ec00000| PB 0x000000060ec00000| Untracked 
|   5|0x000000060f000000, 0x000000060f000000, 0x000000060f400000|  0%| F|  |TAMS 0x000000060f000000| PB 0x000000060f000000| Untracked 
|   6|0x000000060f400000, 0x000000060f400000, 0x000000060f800000|  0%| F|  |TAMS 0x000000060f400000| PB 0x000000060f400000| Untracked 
|   7|0x000000060f800000, 0x000000060f800000, 0x000000060fc00000|  0%| F|  |TAMS 0x000000060f800000| PB 0x000000060f800000| Untracked 
|   8|0x000000060fc00000, 0x000000060fc00000, 0x0000000610000000|  0%| F|  |TAMS 0x000000060fc00000| PB 0x000000060fc00000| Untracked 
|   9|0x0000000610000000, 0x0000000610000000, 0x0000000610400000|  0%| F|  |TAMS 0x0000000610000000| PB 0x0000000610000000| Untracked 
|  10|0x0000000610400000, 0x0000000610400000, 0x0000000610800000|  0%| F|  |TAMS 0x0000000610400000| PB 0x0000000610400000| Untracked 
|  11|0x0000000610800000, 0x0000000610800000, 0x0000000610c00000|  0%| F|  |TAMS 0x0000000610800000| PB 0x0000000610800000| Untracked 
|  12|0x0000000610c00000, 0x0000000610c00000, 0x0000000611000000|  0%| F|  |TAMS 0x0000000610c00000| PB 0x0000000610c00000| Untracked 
|  13|0x0000000611000000, 0x0000000611000000, 0x0000000611400000|  0%| F|  |TAMS 0x0000000611000000| PB 0x0000000611000000| Untracked 
|  14|0x0000000611400000, 0x0000000611400000, 0x0000000611800000|  0%| F|  |TAMS 0x0000000611400000| PB 0x0000000611400000| Untracked 
|  15|0x0000000611800000, 0x0000000611800000, 0x0000000611c00000|  0%| F|  |TAMS 0x0000000611800000| PB 0x0000000611800000| Untracked 
|  16|0x0000000611c00000, 0x0000000611c00000, 0x0000000612000000|  0%| F|  |TAMS 0x0000000611c00000| PB 0x0000000611c00000| Untracked 
|  17|0x0000000612000000, 0x0000000612000000, 0x0000000612400000|  0%| F|  |TAMS 0x0000000612000000| PB 0x0000000612000000| Untracked 
|  18|0x0000000612400000, 0x0000000612400000, 0x0000000612800000|  0%| F|  |TAMS 0x0000000612400000| PB 0x0000000612400000| Untracked 
|  19|0x0000000612800000, 0x0000000612800000, 0x0000000612c00000|  0%| F|  |TAMS 0x0000000612800000| PB 0x0000000612800000| Untracked 
|  20|0x0000000612c00000, 0x0000000612c00000, 0x0000000613000000|  0%| F|  |TAMS 0x0000000612c00000| PB 0x0000000612c00000| Untracked 
|  21|0x0000000613000000, 0x0000000613000000, 0x0000000613400000|  0%| F|  |TAMS 0x0000000613000000| PB 0x0000000613000000| Untracked 
|  22|0x0000000613400000, 0x0000000613400000, 0x0000000613800000|  0%| F|  |TAMS 0x0000000613400000| PB 0x0000000613400000| Untracked 
|  23|0x0000000613800000, 0x0000000613800000, 0x0000000613c00000|  0%| F|  |TAMS 0x0000000613800000| PB 0x0000000613800000| Untracked 
|  24|0x0000000613c00000, 0x0000000613c00000, 0x0000000614000000|  0%| F|  |TAMS 0x0000000613c00000| PB 0x0000000613c00000| Untracked 
|  25|0x0000000614000000, 0x0000000614000000, 0x0000000614400000|  0%| F|  |TAMS 0x0000000614000000| PB 0x0000000614000000| Untracked 
|  26|0x0000000614400000, 0x0000000614400000, 0x0000000614800000|  0%| F|  |TAMS 0x0000000614400000| PB 0x0000000614400000| Untracked 
|  27|0x0000000614800000, 0x0000000614800000, 0x0000000614c00000|  0%| F|  |TAMS 0x0000000614800000| PB 0x0000000614800000| Untracked 
|  28|0x0000000614c00000, 0x0000000614c00000, 0x0000000615000000|  0%| F|  |TAMS 0x0000000614c00000| PB 0x0000000614c00000| Untracked 
|  29|0x0000000615000000, 0x0000000615000000, 0x0000000615400000|  0%| F|  |TAMS 0x0000000615000000| PB 0x0000000615000000| Untracked 
|  30|0x0000000615400000, 0x0000000615400000, 0x0000000615800000|  0%| F|  |TAMS 0x0000000615400000| PB 0x0000000615400000| Untracked 
|  31|0x0000000615800000, 0x0000000615800000, 0x0000000615c00000|  0%| F|  |TAMS 0x0000000615800000| PB 0x0000000615800000| Untracked 
|  32|0x0000000615c00000, 0x0000000615c00000, 0x0000000616000000|  0%| F|  |TAMS 0x0000000615c00000| PB 0x0000000615c00000| Untracked 
|  33|0x0000000616000000, 0x0000000616000000, 0x0000000616400000|  0%| F|  |TAMS 0x0000000616000000| PB 0x0000000616000000| Untracked 
|  34|0x0000000616400000, 0x0000000616400000, 0x0000000616800000|  0%| F|  |TAMS 0x0000000616400000| PB 0x0000000616400000| Untracked 
|  35|0x0000000616800000, 0x0000000616800000, 0x0000000616c00000|  0%| F|  |TAMS 0x0000000616800000| PB 0x0000000616800000| Untracked 
|  36|0x0000000616c00000, 0x0000000616c00000, 0x0000000617000000|  0%| F|  |TAMS 0x0000000616c00000| PB 0x0000000616c00000| Untracked 
|  37|0x0000000617000000, 0x0000000617000000, 0x0000000617400000|  0%| F|  |TAMS 0x0000000617000000| PB 0x0000000617000000| Untracked 
|  38|0x0000000617400000, 0x0000000617400000, 0x0000000617800000|  0%| F|  |TAMS 0x0000000617400000| PB 0x0000000617400000| Untracked 
|  39|0x0000000617800000, 0x0000000617800000, 0x0000000617c00000|  0%| F|  |TAMS 0x0000000617800000| PB 0x0000000617800000| Untracked 
|  40|0x0000000617c00000, 0x0000000617c00000, 0x0000000618000000|  0%| F|  |TAMS 0x0000000617c00000| PB 0x0000000617c00000| Untracked 
|  41|0x0000000618000000, 0x0000000618000000, 0x0000000618400000|  0%| F|  |TAMS 0x0000000618000000| PB 0x0000000618000000| Untracked 
|  42|0x0000000618400000, 0x0000000618400000, 0x0000000618800000|  0%| F|  |TAMS 0x0000000618400000| PB 0x0000000618400000| Untracked 
|  43|0x0000000618800000, 0x0000000618800000, 0x0000000618c00000|  0%| F|  |TAMS 0x0000000618800000| PB 0x0000000618800000| Untracked 
|  44|0x0000000618c00000, 0x0000000618c00000, 0x0000000619000000|  0%| F|  |TAMS 0x0000000618c00000| PB 0x0000000618c00000| Untracked 
|  45|0x0000000619000000, 0x0000000619000000, 0x0000000619400000|  0%| F|  |TAMS 0x0000000619000000| PB 0x0000000619000000| Untracked 
|  46|0x0000000619400000, 0x0000000619400000, 0x0000000619800000|  0%| F|  |TAMS 0x0000000619400000| PB 0x0000000619400000| Untracked 
|  47|0x0000000619800000, 0x0000000619800000, 0x0000000619c00000|  0%| F|  |TAMS 0x0000000619800000| PB 0x0000000619800000| Untracked 
|  48|0x0000000619c00000, 0x0000000619c00000, 0x000000061a000000|  0%| F|  |TAMS 0x0000000619c00000| PB 0x0000000619c00000| Untracked 
|  49|0x000000061a000000, 0x000000061a000000, 0x000000061a400000|  0%| F|  |TAMS 0x000000061a000000| PB 0x000000061a000000| Untracked 
|  50|0x000000061a400000, 0x000000061a400000, 0x000000061a800000|  0%| F|  |TAMS 0x000000061a400000| PB 0x000000061a400000| Untracked 
|  51|0x000000061a800000, 0x000000061a800000, 0x000000061ac00000|  0%| F|  |TAMS 0x000000061a800000| PB 0x000000061a800000| Untracked 
|  52|0x000000061ac00000, 0x000000061ac00000, 0x000000061b000000|  0%| F|  |TAMS 0x000000061ac00000| PB 0x000000061ac00000| Untracked 
|  53|0x000000061b000000, 0x000000061b000000, 0x000000061b400000|  0%| F|  |TAMS 0x000000061b000000| PB 0x000000061b000000| Untracked 
|  54|0x000000061b400000, 0x000000061b400000, 0x000000061b800000|  0%| F|  |TAMS 0x000000061b400000| PB 0x000000061b400000| Untracked 
|  55|0x000000061b800000, 0x000000061b800000, 0x000000061bc00000|  0%| F|  |TAMS 0x000000061b800000| PB 0x000000061b800000| Untracked 
|  56|0x000000061bc00000, 0x000000061bc00000, 0x000000061c000000|  0%| F|  |TAMS 0x000000061bc00000| PB 0x000000061bc00000| Untracked 
|  57|0x000000061c000000, 0x000000061c000000, 0x000000061c400000|  0%| F|  |TAMS 0x000000061c000000| PB 0x000000061c000000| Untracked 
|  58|0x000000061c400000, 0x000000061c400000, 0x000000061c800000|  0%| F|  |TAMS 0x000000061c400000| PB 0x000000061c400000| Untracked 
|  59|0x000000061c800000, 0x000000061c800000, 0x000000061cc00000|  0%| F|  |TAMS 0x000000061c800000| PB 0x000000061c800000| Untracked 
|  60|0x000000061cc00000, 0x000000061cc00000, 0x000000061d000000|  0%| F|  |TAMS 0x000000061cc00000| PB 0x000000061cc00000| Untracked 
|  61|0x000000061d000000, 0x000000061d000000, 0x000000061d400000|  0%| F|  |TAMS 0x000000061d000000| PB 0x000000061d000000| Untracked 
|  62|0x000000061d400000, 0x000000061d400000, 0x000000061d800000|  0%| F|  |TAMS 0x000000061d400000| PB 0x000000061d400000| Untracked 
|  63|0x000000061d800000, 0x000000061d800000, 0x000000061dc00000|  0%| F|  |TAMS 0x000000061d800000| PB 0x000000061d800000| Untracked 
|  64|0x000000061dc00000, 0x000000061dc00000, 0x000000061e000000|  0%| F|  |TAMS 0x000000061dc00000| PB 0x000000061dc00000| Untracked 
|  65|0x000000061e000000, 0x000000061e000000, 0x000000061e400000|  0%| F|  |TAMS 0x000000061e000000| PB 0x000000061e000000| Untracked 
|  66|0x000000061e400000, 0x000000061e400000, 0x000000061e800000|  0%| F|  |TAMS 0x000000061e400000| PB 0x000000061e400000| Untracked 
|  67|0x000000061e800000, 0x000000061e800000, 0x000000061ec00000|  0%| F|  |TAMS 0x000000061e800000| PB 0x000000061e800000| Untracked 
|  68|0x000000061ec00000, 0x000000061ec00000, 0x000000061f000000|  0%| F|  |TAMS 0x000000061ec00000| PB 0x000000061ec00000| Untracked 
|  69|0x000000061f000000, 0x000000061f000000, 0x000000061f400000|  0%| F|  |TAMS 0x000000061f000000| PB 0x000000061f000000| Untracked 
|  70|0x000000061f400000, 0x000000061f400000, 0x000000061f800000|  0%| F|  |TAMS 0x000000061f400000| PB 0x000000061f400000| Untracked 
|  71|0x000000061f800000, 0x000000061f800000, 0x000000061fc00000|  0%| F|  |TAMS 0x000000061f800000| PB 0x000000061f800000| Untracked 
|  72|0x000000061fc00000, 0x000000061fc00000, 0x0000000620000000|  0%| F|  |TAMS 0x000000061fc00000| PB 0x000000061fc00000| Untracked 
|  73|0x0000000620000000, 0x0000000620000000, 0x0000000620400000|  0%| F|  |TAMS 0x0000000620000000| PB 0x0000000620000000| Untracked 
|  74|0x0000000620400000, 0x0000000620400000, 0x0000000620800000|  0%| F|  |TAMS 0x0000000620400000| PB 0x0000000620400000| Untracked 
|  75|0x0000000620800000, 0x0000000620800000, 0x0000000620c00000|  0%| F|  |TAMS 0x0000000620800000| PB 0x0000000620800000| Untracked 
|  76|0x0000000620c00000, 0x0000000620c00000, 0x0000000621000000|  0%| F|  |TAMS 0x0000000620c00000| PB 0x0000000620c00000| Untracked 
|  77|0x0000000621000000, 0x0000000621000000, 0x0000000621400000|  0%| F|  |TAMS 0x0000000621000000| PB 0x0000000621000000| Untracked 
|  78|0x0000000621400000, 0x0000000621400000, 0x0000000621800000|  0%| F|  |TAMS 0x0000000621400000| PB 0x0000000621400000| Untracked 
|  79|0x0000000621800000, 0x0000000621800000, 0x0000000621c00000|  0%| F|  |TAMS 0x0000000621800000| PB 0x0000000621800000| Untracked 
|  80|0x0000000621c00000, 0x0000000621c00000, 0x0000000622000000|  0%| F|  |TAMS 0x0000000621c00000| PB 0x0000000621c00000| Untracked 
|  81|0x0000000622000000, 0x0000000622000000, 0x0000000622400000|  0%| F|  |TAMS 0x0000000622000000| PB 0x0000000622000000| Untracked 
|  82|0x0000000622400000, 0x0000000622400000, 0x0000000622800000|  0%| F|  |TAMS 0x0000000622400000| PB 0x0000000622400000| Untracked 
|  83|0x0000000622800000, 0x0000000622800000, 0x0000000622c00000|  0%| F|  |TAMS 0x0000000622800000| PB 0x0000000622800000| Untracked 
|  84|0x0000000622c00000, 0x0000000622c00000, 0x0000000623000000|  0%| F|  |TAMS 0x0000000622c00000| PB 0x0000000622c00000| Untracked 
|  85|0x0000000623000000, 0x0000000623000000, 0x0000000623400000|  0%| F|  |TAMS 0x0000000623000000| PB 0x0000000623000000| Untracked 
|  86|0x0000000623400000, 0x0000000623400000, 0x0000000623800000|  0%| F|  |TAMS 0x0000000623400000| PB 0x0000000623400000| Untracked 
|  87|0x0000000623800000, 0x0000000623800000, 0x0000000623c00000|  0%| F|  |TAMS 0x0000000623800000| PB 0x0000000623800000| Untracked 
|  88|0x0000000623c00000, 0x0000000623c00000, 0x0000000624000000|  0%| F|  |TAMS 0x0000000623c00000| PB 0x0000000623c00000| Untracked 
|  89|0x0000000624000000, 0x0000000624000000, 0x0000000624400000|  0%| F|  |TAMS 0x0000000624000000| PB 0x0000000624000000| Untracked 
|  90|0x0000000624400000, 0x0000000624400000, 0x0000000624800000|  0%| F|  |TAMS 0x0000000624400000| PB 0x0000000624400000| Untracked 
|  91|0x0000000624800000, 0x0000000624800000, 0x0000000624c00000|  0%| F|  |TAMS 0x0000000624800000| PB 0x0000000624800000| Untracked 
|  92|0x0000000624c00000, 0x0000000624c00000, 0x0000000625000000|  0%| F|  |TAMS 0x0000000624c00000| PB 0x0000000624c00000| Untracked 
|  93|0x0000000625000000, 0x0000000625000000, 0x0000000625400000|  0%| F|  |TAMS 0x0000000625000000| PB 0x0000000625000000| Untracked 
|  94|0x0000000625400000, 0x0000000625400000, 0x0000000625800000|  0%| F|  |TAMS 0x0000000625400000| PB 0x0000000625400000| Untracked 
|  95|0x0000000625800000, 0x0000000625800000, 0x0000000625c00000|  0%| F|  |TAMS 0x0000000625800000| PB 0x0000000625800000| Untracked 
|  96|0x0000000625c00000, 0x0000000625c00000, 0x0000000626000000|  0%| F|  |TAMS 0x0000000625c00000| PB 0x0000000625c00000| Untracked 
|  97|0x0000000626000000, 0x0000000626000000, 0x0000000626400000|  0%| F|  |TAMS 0x0000000626000000| PB 0x0000000626000000| Untracked 
|  98|0x0000000626400000, 0x0000000626400000, 0x0000000626800000|  0%| F|  |TAMS 0x0000000626400000| PB 0x0000000626400000| Untracked 
|  99|0x0000000626800000, 0x0000000626800000, 0x0000000626c00000|  0%| F|  |TAMS 0x0000000626800000| PB 0x0000000626800000| Untracked 
| 100|0x0000000626c00000, 0x0000000626c00000, 0x0000000627000000|  0%| F|  |TAMS 0x0000000626c00000| PB 0x0000000626c00000| Untracked 
| 101|0x0000000627000000, 0x0000000627000000, 0x0000000627400000|  0%| F|  |TAMS 0x0000000627000000| PB 0x0000000627000000| Untracked 
| 102|0x0000000627400000, 0x0000000627400000, 0x0000000627800000|  0%| F|  |TAMS 0x0000000627400000| PB 0x0000000627400000| Untracked 
| 103|0x0000000627800000, 0x0000000627800000, 0x0000000627c00000|  0%| F|  |TAMS 0x0000000627800000| PB 0x0000000627800000| Untracked 
| 104|0x0000000627c00000, 0x0000000627c00000, 0x0000000628000000|  0%| F|  |TAMS 0x0000000627c00000| PB 0x0000000627c00000| Untracked 
| 105|0x0000000628000000, 0x0000000628000000, 0x0000000628400000|  0%| F|  |TAMS 0x0000000628000000| PB 0x0000000628000000| Untracked 
| 106|0x0000000628400000, 0x0000000628400000, 0x0000000628800000|  0%| F|  |TAMS 0x0000000628400000| PB 0x0000000628400000| Untracked 
| 107|0x0000000628800000, 0x0000000628800000, 0x0000000628c00000|  0%| F|  |TAMS 0x0000000628800000| PB 0x0000000628800000| Untracked 
| 108|0x0000000628c00000, 0x0000000628c00000, 0x0000000629000000|  0%| F|  |TAMS 0x0000000628c00000| PB 0x0000000628c00000| Untracked 
| 109|0x0000000629000000, 0x0000000629000000, 0x0000000629400000|  0%| F|  |TAMS 0x0000000629000000| PB 0x0000000629000000| Untracked 
| 110|0x0000000629400000, 0x0000000629400000, 0x0000000629800000|  0%| F|  |TAMS 0x0000000629400000| PB 0x0000000629400000| Untracked 
| 111|0x0000000629800000, 0x0000000629800000, 0x0000000629c00000|  0%| F|  |TAMS 0x0000000629800000| PB 0x0000000629800000| Untracked 
| 112|0x0000000629c00000, 0x0000000629c00000, 0x000000062a000000|  0%| F|  |TAMS 0x0000000629c00000| PB 0x0000000629c00000| Untracked 
| 113|0x000000062a000000, 0x000000062a000000, 0x000000062a400000|  0%| F|  |TAMS 0x000000062a000000| PB 0x000000062a000000| Untracked 
| 114|0x000000062a400000, 0x000000062a400000, 0x000000062a800000|  0%| F|  |TAMS 0x000000062a400000| PB 0x000000062a400000| Untracked 
| 115|0x000000062a800000, 0x000000062a800000, 0x000000062ac00000|  0%| F|  |TAMS 0x000000062a800000| PB 0x000000062a800000| Untracked 
| 116|0x000000062ac00000, 0x000000062ac00000, 0x000000062b000000|  0%| F|  |TAMS 0x000000062ac00000| PB 0x000000062ac00000| Untracked 
| 117|0x000000062b000000, 0x000000062b000000, 0x000000062b400000|  0%| F|  |TAMS 0x000000062b000000| PB 0x000000062b000000| Untracked 
| 118|0x000000062b400000, 0x000000062b400000, 0x000000062b800000|  0%| F|  |TAMS 0x000000062b400000| PB 0x000000062b400000| Untracked 
| 119|0x000000062b800000, 0x000000062b800000, 0x000000062bc00000|  0%| F|  |TAMS 0x000000062b800000| PB 0x000000062b800000| Untracked 
| 120|0x000000062bc00000, 0x000000062bc00000, 0x000000062c000000|  0%| F|  |TAMS 0x000000062bc00000| PB 0x000000062bc00000| Untracked 
| 121|0x000000062c000000, 0x000000062c000000, 0x000000062c400000|  0%| F|  |TAMS 0x000000062c000000| PB 0x000000062c000000| Untracked 
| 122|0x000000062c400000, 0x000000062c5712a8, 0x000000062c800000| 36%| E|  |TAMS 0x000000062c400000| PB 0x000000062c400000| Complete 
| 123|0x000000062c800000, 0x000000062cc00000, 0x000000062cc00000|100%| E|CS|TAMS 0x000000062c800000| PB 0x000000062c800000| Complete 
| 124|0x000000062cc00000, 0x000000062d000000, 0x000000062d000000|100%| E|CS|TAMS 0x000000062cc00000| PB 0x000000062cc00000| Complete 
|1992|0x00000007ffc00000, 0x00000007ffd07550, 0x0000000800000000| 25%| O|  |TAMS 0x00000007ffc00000| PB 0x00000007ffc00000| Untracked 

Card table byte_map: [0x00007f7c7eadc000,0x00007f7c7fa6e000] _byte_map_base: 0x00007f7c7ba6e000

Marking Bits: (CMBitMap*) 0x00007f7c980566f0
 Bits: [0x00007f7c76e4c000, 0x00007f7c7eadc000)

Polling page: 0x00007f7c9e677000

Metaspace:

Usage:
  Non-class:      3.67 MB used.
      Class:    517.49 KB used.
       Both:      4.18 MB used.

Virtual space:
  Non-class space:       64.00 MB reserved,       3.88 MB (  6%) committed,  1 nodes.
      Class space:        1.00 GB reserved,     704.00 KB ( <1%) committed,  1 nodes.
             Both:        1.06 GB reserved,       4.56 MB ( <1%) committed. 

Chunk freelists:
   Non-Class:  11.55 MB
       Class:  15.18 MB
        Both:  26.73 MB

MaxMetaspaceSize: unlimited
CompressedClassSpaceSize: 1.00 GB
Initial GC threshold: 21.00 MB
Current GC threshold: 21.00 MB
CDS: on
 - commit_granule_bytes: 65536.
 - commit_granule_words: 8192.
 - virtual_space_node_default_size: 8388608.
 - enlarge_chunks_in_place: 1.
 - use_allocation_guard: 0.


Internal statistics:

num_allocs_failed_limit: 0.
num_arena_births: 416.
num_arena_deaths: 0.
num_vsnodes_births: 2.
num_vsnodes_deaths: 0.
num_space_committed: 73.
num_space_uncommitted: 0.
num_chunks_returned_to_freelist: 0.
num_chunks_taken_from_freelist: 497.
num_chunk_merges: 0.
num_chunk_splits: 316.
num_chunks_enlarged: 142.
num_inconsistent_stats: 0.

CodeHeap 'non-profiled nmethods': size=120028Kb used=316Kb max_used=316Kb free=119711Kb
 bounds [0x00007f7c884c9000, 0x00007f7c88739000, 0x00007f7c8fa00000]
CodeHeap 'profiled nmethods': size=120028Kb used=1459Kb max_used=1459Kb free=118568Kb
 bounds [0x00007f7c80a00000, 0x00007f7c80c70000, 0x00007f7c87f37000]
CodeHeap 'non-nmethods': size=5704Kb used=1502Kb max_used=1516Kb free=4201Kb
 bounds [0x00007f7c87f37000, 0x00007f7c881a7000, 0x00007f7c884c9000]
 total_blobs=1462 nmethods=967 adapters=397
 compilation: enabled
              stopped_count=0, restarted_count=0
 full_count=0

Compilation events (20 events):
Event: 0.213 Thread 0x00007f7c98137220 nmethod 955 0x00007f7c80b66a90 code [0x00007f7c80b66c20, 0x00007f7c80b66d80]
Event: 0.213 Thread 0x00007f7c98137220  956       3       java.lang.invoke.LambdaForm$DMH/0x00007f7c20005400::invokeStatic (14 bytes)
Event: 0.213 Thread 0x00007f7c98137220 nmethod 956 0x00007f7c80b66e10 code [0x00007f7c80b66fe0, 0x00007f7c80b67398]
Event: 0.213 Thread 0x00007f7c98137220  957       3       java.nio.ByteBuffer::flip (7 bytes)
Event: 0.214 Thread 0x00007f7c98137220 nmethod 957 0x00007f7c80b67490 code [0x00007f7c80b67620, 0x00007f7c80b67798]
Event: 0.214 Thread 0x00007f7c98137220  958       3       java.nio.Buffer::flip (20 bytes)
Event: 0.214 Thread 0x00007f7c98137220 nmethod 958 0x00007f7c80b67890 code [0x00007f7c80b67a20, 0x00007f7c80b67b38]
Event: 0.214 Thread 0x00007f7c98137220  959       3       java.nio.ByteBuffer::hasArray (20 bytes)
Event: 0.214 Thread 0x00007f7c98137220 nmethod 959 0x00007f7c80b67c10 code [0x00007f7c80b67da0, 0x00007f7c80b67f48]
Event: 0.214 Thread 0x00007f7c98137220  960       3       java.nio.Buffer::hasRemaining (17 bytes)
Event: 0.214 Thread 0x00007f7c98137220 nmethod 960 0x00007f7c80b68010 code [0x00007f7c80b681a0, 0x00007f7c80b68308]
Event: 0.214 Thread 0x00007f7c98137220  961       3       java.nio.CharBuffer::limit (6 bytes)
Event: 0.214 Thread 0x00007f7c98137220 nmethod 961 0x00007f7c80b68390 code [0x00007f7c80b68540, 0x00007f7c80b686f0]
Event: 0.214 Thread 0x00007f7c98137220  962       3       java.nio.CharBuffer::limit (8 bytes)
Event: 0.214 Thread 0x00007f7c98137220 nmethod 962 0x00007f7c80b68810 code [0x00007f7c80b689c0, 0x00007f7c80b68b08]
Event: 0.214 Thread 0x00007f7c98137220  963       3       java.lang.System::lineSeparator (4 bytes)
Event: 0.214 Thread 0x00007f7c98137220 nmethod 963 0x00007f7c80b68b90 code [0x00007f7c80b68d20, 0x00007f7c80b68e18]
Event: 0.214 Thread 0x00007f7c98137220  964   !   3       ax.xz.fuzz.tester.slave_h::__sigsetjmp (23 bytes)
Event: 0.215 Thread 0x00007f7c98137220 nmethod 964 0x00007f7c80b68e90 code [0x00007f7c80b691e0, 0x00007f7c80b6a7e0]
Event: 0.215 Thread 0x00007f7c98137220  965       3       java.io.BufferedWriter::newLine (8 bytes)

GC Heap History (0 events):
No events

Dll operation events (8 events):
Event: 0.001 Loaded shared library /home/alec/.jdks/openjdk-21.0.1/lib/libjava.so
Event: 0.018 Loaded shared library /home/alec/.jdks/openjdk-21.0.1/lib/libjsvml.so
Event: 0.019 Loaded shared library /home/alec/.jdks/openjdk-21.0.1/lib/libnio.so
Event: 0.038 Loaded shared library /home/alec/.jdks/openjdk-21.0.1/lib/libzip.so
Event: 0.063 Loaded shared library /home/alec/.jdks/openjdk-21.0.1/lib/libnet.so
Event: 0.094 Loaded shared library /home/alec/.jdks/openjdk-21.0.1/lib/libzip.so
Event: 0.095 Loaded shared library /home/alec/.jdks/openjdk-21.0.1/lib/libinstrument.so
Event: 0.116 Loaded shared library /home/alec/IdeaProjects/cool-fuzz/libslave.so

Deoptimization events (20 events):
Event: 0.090 Thread 0x00007f7c9802aea0 Uncommon trap: trap_request=0xffffff45 fr.pc=0x00007f7c884dfe40 relative=0x0000000000000660
Event: 0.090 Thread 0x00007f7c9802aea0 Uncommon trap: reason=unstable_if action=reinterpret pc=0x00007f7c884dfe40 method=java.lang.StringLatin1.newString([BII)Ljava/lang/String; @ 1 c2
Event: 0.090 Thread 0x00007f7c9802aea0 DEOPT PACKING pc=0x00007f7c884dfe40 sp=0x00007f7c9cdfe1b0
Event: 0.090 Thread 0x00007f7c9802aea0 DEOPT UNPACKING pc=0x00007f7c87f8e619 sp=0x00007f7c9cdfe110 mode 2
Event: 0.090 Thread 0x00007f7c9802aea0 Uncommon trap: trap_request=0xffffff45 fr.pc=0x00007f7c884e37c4 relative=0x0000000000000224
Event: 0.090 Thread 0x00007f7c9802aea0 Uncommon trap: reason=unstable_if action=reinterpret pc=0x00007f7c884e37c4 method=java.lang.StringLatin1.indexOf([BIII)I @ 24 c2
Event: 0.090 Thread 0x00007f7c9802aea0 DEOPT PACKING pc=0x00007f7c884e37c4 sp=0x00007f7c9cdfe1a0
Event: 0.090 Thread 0x00007f7c9802aea0 DEOPT UNPACKING pc=0x00007f7c87f8e619 sp=0x00007f7c9cdfe0c8 mode 2
Event: 0.090 Thread 0x00007f7c9802aea0 Uncommon trap: trap_request=0xffffff45 fr.pc=0x00007f7c884df274 relative=0x0000000000000534
Event: 0.090 Thread 0x00007f7c9802aea0 Uncommon trap: reason=unstable_if action=reinterpret pc=0x00007f7c884df274 method=java.lang.StringLatin1.newString([BII)Ljava/lang/String; @ 1 c2
Event: 0.090 Thread 0x00007f7c9802aea0 DEOPT PACKING pc=0x00007f7c884df274 sp=0x00007f7c9cdfe130
Event: 0.090 Thread 0x00007f7c9802aea0 DEOPT UNPACKING pc=0x00007f7c87f8e619 sp=0x00007f7c9cdfe110 mode 2
Event: 0.097 Thread 0x00007f7c9802aea0 Uncommon trap: trap_request=0xfffffff4 fr.pc=0x00007f7c884dc5d4 relative=0x00000000000001b4
Event: 0.097 Thread 0x00007f7c9802aea0 Uncommon trap: reason=null_check action=make_not_entrant pc=0x00007f7c884dc5d4 method=java.lang.String.equals(Ljava/lang/Object;)Z @ 8 c2
Event: 0.097 Thread 0x00007f7c9802aea0 DEOPT PACKING pc=0x00007f7c884dc5d4 sp=0x00007f7c9cdfe180
Event: 0.097 Thread 0x00007f7c9802aea0 DEOPT UNPACKING pc=0x00007f7c87f8e619 sp=0x00007f7c9cdfe138 mode 2
Event: 0.116 Thread 0x00007f7c9802aea0 DEOPT PACKING pc=0x00007f7c80a3b295 sp=0x00007f7c9cdfc880
Event: 0.116 Thread 0x00007f7c9802aea0 DEOPT UNPACKING pc=0x00007f7c87f8f14f sp=0x00007f7c9cdfbcc0 mode 0
Event: 0.126 Thread 0x00007f7c9802aea0 DEOPT PACKING pc=0x00007f7c80a34b5e sp=0x00007f7c9cdfc100
Event: 0.126 Thread 0x00007f7c9802aea0 DEOPT UNPACKING pc=0x00007f7c87f8f14f sp=0x00007f7c9cdfb588 mode 0

Classes loaded (20 events):
Event: 0.199 Loading class jdk/internal/foreign/LayoutPath$PathElementImpl
Event: 0.199 Loading class java/util/function/UnaryOperator
Event: 0.199 Loading class java/util/function/UnaryOperator done
Event: 0.199 Loading class jdk/internal/foreign/LayoutPath$PathElementImpl done
Event: 0.199 Loading class jdk/internal/foreign/LayoutPath$PathElementImpl$PathKind
Event: 0.199 Loading class jdk/internal/foreign/LayoutPath$PathElementImpl$PathKind done
Event: 0.199 Loading class jdk/internal/foreign/LayoutPath
Event: 0.199 Loading class jdk/internal/foreign/LayoutPath done
Event: 0.200 Loading class java/lang/invoke/VarHandleSegmentAsLongs
Event: 0.200 Loading class java/lang/invoke/VarHandleSegmentViewBase
Event: 0.200 Loading class java/lang/invoke/VarHandleSegmentViewBase done
Event: 0.200 Loading class java/lang/invoke/VarHandleSegmentAsLongs done
Event: 0.200 Loading class jdk/internal/foreign/Utils$1VarHandleCache
Event: 0.200 Loading class jdk/internal/foreign/Utils$1VarHandleCache done
Event: 0.200 Loading class java/lang/invoke/BoundMethodHandle$Species_J
Event: 0.200 Loading class java/lang/invoke/BoundMethodHandle$Species_J done
Event: 0.201 Loading class java/lang/invoke/IndirectVarHandle
Event: 0.201 Loading class java/lang/invoke/IndirectVarHandle done
Event: 0.207 Loading class java/lang/invoke/MethodHandle$1
Event: 0.207 Loading class java/lang/invoke/MethodHandle$1 done

Classes unloaded (0 events):
No events

Classes redefined (0 events):
No events

Internal exceptions (20 events):
Event: 0.182 Thread 0x00007f7c9802aea0 Exception <a 'java/lang/NoSuchMethodError'{0x000000062cbf8e58}: 'java.lang.Object java.lang.invoke.DirectMethodHandle$Holder.invokeStaticInit(java.lang.Object, java.lang.Object, java.lang.Object, java.lang.Object, long, int, int, int, long, long)'> (0x000000062cbf8e58) 
thrown [open/src/hotspot/share/interpreter/linkResolver.cpp, line 772]
Event: 0.182 Thread 0x00007f7c9802aea0 Exception <a 'java/lang/NoSuchMethodError'{0x000000062c400b58}: 'java.lang.Object java.lang.invoke.DelegatingMethodHandle$Holder.reinvoke_L(java.lang.Object, java.lang.Object, java.lang.Object, java.lang.Object, long, int, int, int, long, long)'> (0x000000062c400b58) 
thrown [open/src/hotspot/share/interpreter/linkResolver.cpp, line 772]
Event: 0.184 Thread 0x00007f7c9802aea0 Exception <a 'java/lang/NoSuchMethodError'{0x000000062c41f3d8}: 'java.lang.Object java.lang.invoke.DirectMethodHandle$Holder.invokeStatic(java.lang.Object, java.lang.Object, java.lang.Object, java.lang.Object, java.lang.Object, long, java.lang.Object)'> (0x000000062c41f3d8) 
thrown [open/src/hotspot/share/interpreter/linkResolver.cpp, line 772]
Event: 0.188 Thread 0x00007f7c9802aea0 Exception <a 'java/lang/NoSuchMethodError'{0x000000062c454620}: 'int java.lang.invoke.DirectMethodHandle$Holder.invokeStaticInit(java.lang.Object, java.lang.Object, java.lang.Object, java.lang.Object, long, long)'> (0x000000062c454620) 
thrown [open/src/hotspot/share/interpreter/linkResolver.cpp, line 772]
Event: 0.188 Thread 0x00007f7c9802aea0 Exception <a 'java/lang/NoSuchMethodError'{0x000000062c45b5c0}: 'int java.lang.invoke.DelegatingMethodHandle$Holder.reinvoke_L(java.lang.Object, java.lang.Object, java.lang.Object, java.lang.Object, long, long)'> (0x000000062c45b5c0) 
thrown [open/src/hotspot/share/interpreter/linkResolver.cpp, line 772]
Event: 0.191 Thread 0x00007f7c9802aea0 Exception <a 'java/lang/NoSuchMethodError'{0x000000062c47e220}: 'int java.lang.invoke.DelegatingMethodHandle$Holder.delegate(java.lang.Object, int, java.lang.Object)'> (0x000000062c47e220) 
thrown [open/src/hotspot/share/interpreter/linkResolver.cpp, line 772]
Event: 0.192 Thread 0x00007f7c9802aea0 Exception <a 'java/lang/NoSuchMethodError'{0x000000062c489be8}: 'int java.lang.invoke.DirectMethodHandle$Holder.invokeStaticInit(java.lang.Object, java.lang.Object, java.lang.Object, java.lang.Object, int, long)'> (0x000000062c489be8) 
thrown [open/src/hotspot/share/interpreter/linkResolver.cpp, line 772]
Event: 0.193 Thread 0x00007f7c9802aea0 Exception <a 'java/lang/NoSuchMethodError'{0x000000062c490b80}: 'int java.lang.invoke.DelegatingMethodHandle$Holder.reinvoke_L(java.lang.Object, java.lang.Object, java.lang.Object, java.lang.Object, int, long)'> (0x000000062c490b80) 
thrown [open/src/hotspot/share/interpreter/linkResolver.cpp, line 772]
Event: 0.193 Thread 0x00007f7c9802aea0 Exception <a 'java/lang/NoSuchMethodError'{0x000000062c4a4bf8}: 'int java.lang.invoke.Invokers$Holder.invokeExact_MT(java.lang.Object, java.lang.Object, int, java.lang.Object)'> (0x000000062c4a4bf8) 
thrown [open/src/hotspot/share/interpreter/linkResolver.cpp, line 772]
Event: 0.194 Thread 0x00007f7c9802aea0 Exception <a 'java/lang/NoSuchMethodError'{0x000000062c4a8380}: 'java.lang.Object java.lang.invoke.Invokers$Holder.invoke_MT(java.lang.Object, java.lang.Object, java.lang.Object, java.lang.Object, java.lang.Object)'> (0x000000062c4a8380) 
thrown [open/src/hotspot/share/interpreter/linkResolver.cpp, line 772]
Event: 0.197 Thread 0x00007f7c9802aea0 Exception <a 'java/lang/NoSuchMethodError'{0x000000062c4ca040}: 'void java.lang.invoke.DirectMethodHandle$Holder.invokeStaticInit(java.lang.Object, java.lang.Object, java.lang.Object, java.lang.Object, int, long)'> (0x000000062c4ca040) 
thrown [open/src/hotspot/share/interpreter/linkResolver.cpp, line 772]
Event: 0.198 Thread 0x00007f7c9802aea0 Exception <a 'java/lang/NoSuchMethodError'{0x000000062c4d0fd8}: 'void java.lang.invoke.DelegatingMethodHandle$Holder.reinvoke_L(java.lang.Object, java.lang.Object, java.lang.Object, java.lang.Object, int, long)'> (0x000000062c4d0fd8) 
thrown [open/src/hotspot/share/interpreter/linkResolver.cpp, line 772]
Event: 0.199 Thread 0x00007f7c9802aea0 Exception <a 'java/lang/NoSuchMethodError'{0x000000062c4f3d28}: 'long java.lang.invoke.DirectMethodHandle$Holder.invokeStaticInit(java.lang.Object, long, long, long, long)'> (0x000000062c4f3d28) 
thrown [open/src/hotspot/share/interpreter/linkResolver.cpp, line 772]
Event: 0.200 Thread 0x00007f7c9802aea0 Exception <a 'java/lang/NoSuchMethodError'{0x000000062c4f76e0}: 'java.lang.Object java.lang.invoke.DirectMethodHandle$Holder.invokeInterface(java.lang.Object, java.lang.Object, long, long)'> (0x000000062c4f76e0) 
thrown [open/src/hotspot/share/interpreter/linkResolver.cpp, line 772]
Event: 0.200 Thread 0x00007f7c9802aea0 Exception <a 'java/lang/NoSuchMethodError'{0x000000062c4fb0e8}: 'java.lang.Object java.lang.invoke.DirectMethodHandle$Holder.invokeInterface(java.lang.Object, java.lang.Object, long, java.lang.Object)'> (0x000000062c4fb0e8) 
thrown [open/src/hotspot/share/interpreter/linkResolver.cpp, line 772]
Event: 0.200 Thread 0x00007f7c9802aea0 Exception <a 'java/lang/IncompatibleClassChangeError'{0x000000062c4fe268}: Found class java.lang.Object, but interface was expected> (0x000000062c4fe268) 
thrown [open/src/hotspot/share/interpreter/linkResolver.cpp, line 840]
Event: 0.201 Thread 0x00007f7c9802aea0 Exception <a 'java/lang/NoSuchMethodError'{0x000000062c50bb20}: 'java.lang.Object java.lang.invoke.DirectMethodHandle$Holder.invokeStatic(java.lang.Object, java.lang.Object, java.lang.Object, long)'> (0x000000062c50bb20) 
thrown [open/src/hotspot/share/interpreter/linkResolver.cpp, line 772]
Event: 0.202 Thread 0x00007f7c9802aea0 Exception <a 'java/lang/NoSuchMethodError'{0x000000062c524050}: 'java.lang.Object java.lang.invoke.DirectMethodHandle$Holder.newInvokeSpecial(java.lang.Object, int, java.lang.Object)'> (0x000000062c524050) 
thrown [open/src/hotspot/share/interpreter/linkResolver.cpp, line 772]
Event: 0.203 Thread 0x00007f7c9802aea0 Exception <a 'java/lang/NoSuchMethodError'{0x000000062c53d550}: 'void java.lang.invoke.DirectMethodHandle$Holder.invokeSpecial(java.lang.Object, java.lang.Object, java.lang.Object, int)'> (0x000000062c53d550) 
thrown [open/src/hotspot/share/interpreter/linkResolver.cpp, line 772]
Event: 0.203 Thread 0x00007f7c9802aea0 Exception <a 'java/lang/NoSuchMethodError'{0x000000062c540810}: 'void java.lang.invoke.Invokers$Holder.invokeExact_MT(java.lang.Object, java.lang.Object, int, java.lang.Object)'> (0x000000062c540810) 
thrown [open/src/hotspot/share/interpreter/linkResolver.cpp, line 772]

ZGC Phase Switch (0 events):
No events

VM Operations (4 events):
Event: 0.081 Executing VM operation: HandshakeAllThreads (Deoptimize)
Event: 0.082 Executing VM operation: HandshakeAllThreads (Deoptimize) done
Event: 0.132 Executing VM operation: HandshakeAllThreads (Deoptimize)
Event: 0.132 Executing VM operation: HandshakeAllThreads (Deoptimize) done

Events (20 events):
Event: 0.016 Thread 0x00007f7c98131440 Thread added: 0x00007f7c98131440
Event: 0.016 Protecting memory [0x00007f7c1eb00000,0x00007f7c1eb04000] with protection modes 0
Event: 0.016 Thread 0x00007f7c98132a80 Thread added: 0x00007f7c98132a80
Event: 0.016 Protecting memory [0x00007f7c1e9ff000,0x00007f7c1ea03000] with protection modes 0
Event: 0.016 Thread 0x00007f7c98134020 Thread added: 0x00007f7c98134020
Event: 0.016 Protecting memory [0x00007f7c1e8fe000,0x00007f7c1e902000] with protection modes 0
Event: 0.016 Thread 0x00007f7c98135b60 Thread added: 0x00007f7c98135b60
Event: 0.016 Protecting memory [0x00007f7c1e7fd000,0x00007f7c1e801000] with protection modes 0
Event: 0.016 Thread 0x00007f7c98137220 Thread added: 0x00007f7c98137220
Event: 0.016 Protecting memory [0x00007f7c1e6fc000,0x00007f7c1e700000] with protection modes 0
Event: 0.033 Thread 0x00007f7c9815c540 Thread added: 0x00007f7c9815c540
Event: 0.033 Protecting memory [0x00007f7c1e52b000,0x00007f7c1e52f000] with protection modes 0
Event: 0.060 Thread 0x00007f7bf80a7450 Thread added: 0x00007f7bf80a7450
Event: 0.060 Protecting memory [0x00007f7c1e42a000,0x00007f7c1e42e000] with protection modes 0
Event: 0.060 Thread 0x00007f7bf80a8cc0 Thread added: 0x00007f7bf80a8cc0
Event: 0.060 Protecting memory [0x00007f7c1e329000,0x00007f7c1e32d000] with protection modes 0
Event: 0.102 Thread 0x00007f7c981eb8b0 Thread added: 0x00007f7c981eb8b0
Event: 0.102 Protecting memory [0x00007f7c1e228000,0x00007f7c1e22c000] with protection modes 0
Event: 0.102 Thread 0x00007f7c981ecfa0 Thread added: 0x00007f7c981ecfa0
Event: 0.102 Protecting memory [0x00007f7c1e127000,0x00007f7c1e12b000] with protection modes 0


Dynamic libraries:
60dc00000-62d000000 rw-p 00000000 00:00 0 
62d000000-7ffc00000 ---p 00000000 00:00 0 
7ffc00000-7ffd08000 rw-p 00ce4000 103:02 26377180                        /home/alec/.jdks/openjdk-21.0.1/lib/server/classes.jsa
7ffd08000-800000000 rw-p 00000000 00:00 0 
558ceac6a000-558ceac6b000 r-xp 00000000 103:02 26376685                  /home/alec/.jdks/openjdk-21.0.1/bin/java
558ceac6c000-558ceac6d000 r--p 00001000 103:02 26376685                  /home/alec/.jdks/openjdk-21.0.1/bin/java
558ceac6d000-558ceac6e000 rw-p 00002000 103:02 26376685                  /home/alec/.jdks/openjdk-21.0.1/bin/java
558ceb1b8000-558ceb1fe000 rw-p 00000000 00:00 0                          [heap]
7f7bdc000000-7f7bdc021000 rw-p 00000000 00:00 0 
7f7bdc021000-7f7be0000000 ---p 00000000 00:00 0 
7f7be4000000-7f7be4145000 rw-p 00000000 00:00 0 
7f7be4145000-7f7be8000000 ---p 00000000 00:00 0 
7f7be8000000-7f7be8021000 rw-p 00000000 00:00 0 
7f7be8021000-7f7bec000000 ---p 00000000 00:00 0 
7f7bec000000-7f7bec021000 rw-p 00000000 00:00 0 
7f7bec021000-7f7bf0000000 ---p 00000000 00:00 0 
7f7bf0000000-7f7bf009e000 rw-p 00000000 00:00 0 
7f7bf009e000-7f7bf4000000 ---p 00000000 00:00 0 
7f7bf4000000-7f7bf41ea000 rw-p 00000000 00:00 0 
7f7bf41ea000-7f7bf8000000 ---p 00000000 00:00 0 
7f7bf8000000-7f7bf8329000 rw-p 00000000 00:00 0 
7f7bf8329000-7f7bfc000000 ---p 00000000 00:00 0 
7f7bfc000000-7f7bfc021000 rw-p 00000000 00:00 0 
7f7bfc021000-7f7c00000000 ---p 00000000 00:00 0 
7f7c00000000-7f7c00021000 rw-p 00000000 00:00 0 
7f7c00021000-7f7c04000000 ---p 00000000 00:00 0 
7f7c04000000-7f7c04021000 rw-p 00000000 00:00 0 
7f7c04021000-7f7c08000000 ---p 00000000 00:00 0 
7f7c08000000-7f7c08021000 rw-p 00000000 00:00 0 
7f7c08021000-7f7c0c000000 ---p 00000000 00:00 0 
7f7c0c000000-7f7c0c021000 rw-p 00000000 00:00 0 
7f7c0c021000-7f7c10000000 ---p 00000000 00:00 0 
7f7c10000000-7f7c10021000 rw-p 00000000 00:00 0 
7f7c10021000-7f7c14000000 ---p 00000000 00:00 0 
7f7c14000000-7f7c14360000 rw-p 00000000 00:00 0 
7f7c14360000-7f7c14400000 ---p 00000000 00:00 0 
7f7c14400000-7f7c14480000 rw-p 00000000 00:00 0 
7f7c14480000-7f7c18000000 ---p 00000000 00:00 0 
7f7c18000000-7f7c18021000 rw-p 00000000 00:00 0 
7f7c18021000-7f7c1c000000 ---p 00000000 00:00 0 
7f7c1e126000-7f7c1e127000 ---p 00000000 00:00 0 
7f7c1e127000-7f7c1e12b000 ---p 00000000 00:00 0 
7f7c1e12b000-7f7c1e227000 rw-p 00000000 00:00 0 
7f7c1e227000-7f7c1e228000 ---p 00000000 00:00 0 
7f7c1e228000-7f7c1e22c000 ---p 00000000 00:00 0 
7f7c1e22c000-7f7c1e328000 rw-p 00000000 00:00 0 
7f7c1e328000-7f7c1e329000 ---p 00000000 00:00 0 
7f7c1e329000-7f7c1e32d000 ---p 00000000 00:00 0 
7f7c1e32d000-7f7c1e429000 rw-p 00000000 00:00 0 
7f7c1e429000-7f7c1e42a000 ---p 00000000 00:00 0 
7f7c1e42a000-7f7c1e42e000 ---p 00000000 00:00 0 
7f7c1e42e000-7f7c1e52a000 rw-p 00000000 00:00 0 
7f7c1e52a000-7f7c1e52b000 ---p 00000000 00:00 0 
7f7c1e52b000-7f7c1e52f000 ---p 00000000 00:00 0 
7f7c1e52f000-7f7c1e62b000 rw-p 00000000 00:00 0 
7f7c1e62b000-7f7c1e6f9000 r-xp 00000000 103:02 26377154                  /home/alec/.jdks/openjdk-21.0.1/lib/libjsvml.so
7f7c1e6f9000-7f7c1e6fa000 r--p 000cd000 103:02 26377154                  /home/alec/.jdks/openjdk-21.0.1/lib/libjsvml.so
7f7c1e6fa000-7f7c1e6fb000 rw-p 000ce000 103:02 26377154                  /home/alec/.jdks/openjdk-21.0.1/lib/libjsvml.so
7f7c1e6fb000-7f7c1e6fc000 ---p 00000000 00:00 0 
7f7c1e6fc000-7f7c1e700000 ---p 00000000 00:00 0 
7f7c1e700000-7f7c1e7fc000 rw-p 00000000 00:00 0 
7f7c1e7fc000-7f7c1e7fd000 ---p 00000000 00:00 0 
7f7c1e7fd000-7f7c1e801000 ---p 00000000 00:00 0 
7f7c1e801000-7f7c1e8fd000 rw-p 00000000 00:00 0 
7f7c1e8fd000-7f7c1e8fe000 ---p 00000000 00:00 0 
7f7c1e8fe000-7f7c1e902000 ---p 00000000 00:00 0 
7f7c1e902000-7f7c1e9fe000 rw-p 00000000 00:00 0 
7f7c1e9fe000-7f7c1e9ff000 ---p 00000000 00:00 0 
7f7c1e9ff000-7f7c1ea03000 ---p 00000000 00:00 0 
7f7c1ea03000-7f7c1eaff000 rw-p 00000000 00:00 0 
7f7c1eaff000-7f7c1eb00000 ---p 00000000 00:00 0 
7f7c1eb00000-7f7c1eb04000 ---p 00000000 00:00 0 
7f7c1eb04000-7f7c1ec00000 rw-p 00000000 00:00 0 
7f7c1ec00000-7f7c1eeeb000 r--p 00000000 103:02 57028961                  /usr/lib/locale/locale-archive
7f7c1eeff000-7f7c1ef00000 ---p 00000000 00:00 0 
7f7c1ef00000-7f7c1ef04000 ---p 00000000 00:00 0 
7f7c1ef04000-7f7c1f000000 rw-p 00000000 00:00 0 
7f7c1f000000-7f7c1fca5000 rw-p 00001000 103:02 26377180                  /home/alec/.jdks/openjdk-21.0.1/lib/server/classes.jsa
7f7c1fca5000-7f7c20000000 ---p 00000000 00:00 0 
7f7c20000000-7f7c20030000 rw-p 00000000 00:00 0 
7f7c20030000-7f7c20090000 rw-p 00000000 00:00 0 
7f7c20090000-7f7c200c0000 ---p 00000000 00:00 0 
7f7c200c0000-7f7c200e0000 rw-p 00000000 00:00 0 
7f7c200e0000-7f7c60000000 ---p 00000000 00:00 0 
7f7c60000000-7f7c60021000 rw-p 00000000 00:00 0 
7f7c60021000-7f7c64000000 ---p 00000000 00:00 0 
7f7c64000000-7f7c64021000 rw-p 00000000 00:00 0 
7f7c64021000-7f7c68000000 ---p 00000000 00:00 0 
7f7c68000000-7f7c68021000 rw-p 00000000 00:00 0 
7f7c68021000-7f7c6c000000 ---p 00000000 00:00 0 
7f7c6c000000-7f7c6c021000 rw-p 00000000 00:00 0 
7f7c6c021000-7f7c70000000 ---p 00000000 00:00 0 
7f7c70000000-7f7c70021000 rw-p 00000000 00:00 0 
7f7c70021000-7f7c74000000 ---p 00000000 00:00 0 
7f7c740be000-7f7c740bf000 ---p 00000000 00:00 0 
7f7c740bf000-7f7c740c3000 ---p 00000000 00:00 0 
7f7c740c3000-7f7c741bf000 rw-p 00000000 00:00 0 
7f7c741bf000-7f7c741c0000 ---p 00000000 00:00 0 
7f7c741c0000-7f7c742c0000 rw-p 00000000 00:00 0 
7f7c742c0000-7f7c742c1000 ---p 00000000 00:00 0 
7f7c742c1000-7f7c74442000 rw-p 00000000 00:00 0 
7f7c74442000-7f7c74443000 ---p 00000000 00:00 0 
7f7c74443000-7f7c74543000 rw-p 00000000 00:00 0 
7f7c74543000-7f7c74544000 ---p 00000000 00:00 0 
7f7c74544000-7f7c7761c000 rw-p 00000000 00:00 0 
7f7c7761c000-7f7c7eacc000 ---p 00000000 00:00 0 
7f7c7eacc000-7f7c7ebd6000 rw-p 00000000 00:00 0 
7f7c7ebd6000-7f7c7fa6c000 ---p 00000000 00:00 0 
7f7c7fa6c000-7f7c7fb68000 rw-p 00000000 00:00 0 
7f7c7fb68000-7f7c809fe000 ---p 00000000 00:00 0 
7f7c809fe000-7f7c80a00000 rw-p 00000000 00:00 0 
7f7c80a00000-7f7c80c70000 rwxp 00000000 00:00 0 
7f7c80c70000-7f7c87f37000 ---p 00000000 00:00 0 
7f7c87f37000-7f7c881a7000 rwxp 00000000 00:00 0 
7f7c881a7000-7f7c884c9000 ---p 00000000 00:00 0 
7f7c884c9000-7f7c88739000 rwxp 00000000 00:00 0 
7f7c88739000-7f7c8fa00000 ---p 00000000 00:00 0 
7f7c8fa00000-7f7c97ec6000 r--s 00000000 103:02 26377171                  /home/alec/.jdks/openjdk-21.0.1/lib/modules
7f7c97eff000-7f7c97f00000 ---p 00000000 00:00 0 
7f7c97f00000-7f7c9836e000 rw-p 00000000 00:00 0 
7f7c9836e000-7f7c9c000000 ---p 00000000 00:00 0 
7f7c9c003000-7f7c9c09f000 rw-p 00000000 00:00 0 
7f7c9c09f000-7f7c9c0a0000 ---p 00000000 00:00 0 
7f7c9c0a0000-7f7c9c1a0000 rw-p 00000000 00:00 0 
7f7c9c1a0000-7f7c9c1a1000 ---p 00000000 00:00 0 
7f7c9c1a1000-7f7c9cb2f000 rw-p 00000000 00:00 0 
7f7c9cb2f000-7f7c9cc15000 ---p 00000000 00:00 0 
7f7c9cc15000-7f7c9cc1a000 rw-p 00000000 00:00 0 
7f7c9cc1a000-7f7c9cd00000 ---p 00000000 00:00 0 
7f7c9cd00000-7f7c9cd04000 ---p 00000000 00:00 0 
7f7c9cd04000-7f7c9ce00000 rw-p 00000000 00:00 0 
7f7c9ce00000-7f7c9e10d000 r-xp 00000000 103:02 26377183                  /home/alec/.jdks/openjdk-21.0.1/lib/server/libjvm.so
7f7c9e10d000-7f7c9e10e000 ---p 0130d000 103:02 26377183                  /home/alec/.jdks/openjdk-21.0.1/lib/server/libjvm.so
7f7c9e10e000-7f7c9e1db000 r--p 0130d000 103:02 26377183                  /home/alec/.jdks/openjdk-21.0.1/lib/server/libjvm.so
7f7c9e1db000-7f7c9e209000 rw-p 013da000 103:02 26377183                  /home/alec/.jdks/openjdk-21.0.1/lib/server/libjvm.so
7f7c9e209000-7f7c9e26e000 rw-p 00000000 00:00 0 
7f7c9e274000-7f7c9e275000 r--p 00000000 103:02 26615466                  /home/alec/IdeaProjects/cool-fuzz/libslave.so
7f7c9e275000-7f7c9e276000 r-xp 00001000 103:02 26615466                  /home/alec/IdeaProjects/cool-fuzz/libslave.so
7f7c9e276000-7f7c9e277000 r--p 00002000 103:02 26615466                  /home/alec/IdeaProjects/cool-fuzz/libslave.so
7f7c9e277000-7f7c9e278000 r--p 00002000 103:02 26615466                  /home/alec/IdeaProjects/cool-fuzz/libslave.so
7f7c9e278000-7f7c9e279000 rw-p 00003000 103:02 26615466                  /home/alec/IdeaProjects/cool-fuzz/libslave.so
7f7c9e279000-7f7c9e280000 r-xp 00000000 103:02 26377170                  /home/alec/.jdks/openjdk-21.0.1/lib/libzip.so
7f7c9e280000-7f7c9e281000 ---p 00007000 103:02 26377170                  /home/alec/.jdks/openjdk-21.0.1/lib/libzip.so
7f7c9e281000-7f7c9e282000 r--p 00007000 103:02 26377170                  /home/alec/.jdks/openjdk-21.0.1/lib/libzip.so
7f7c9e282000-7f7c9e283000 rw-p 00008000 103:02 26377170                  /home/alec/.jdks/openjdk-21.0.1/lib/libzip.so
7f7c9e283000-7f7c9e28f000 r-xp 00000000 103:02 26377161                  /home/alec/.jdks/openjdk-21.0.1/lib/libnet.so
7f7c9e28f000-7f7c9e290000 r--p 0000b000 103:02 26377161                  /home/alec/.jdks/openjdk-21.0.1/lib/libnet.so
7f7c9e290000-7f7c9e291000 rw-p 0000c000 103:02 26377161                  /home/alec/.jdks/openjdk-21.0.1/lib/libnet.so
7f7c9e291000-7f7c9e2a4000 r-xp 00000000 103:02 26377162                  /home/alec/.jdks/openjdk-21.0.1/lib/libnio.so
7f7c9e2a4000-7f7c9e2a5000 ---p 00013000 103:02 26377162                  /home/alec/.jdks/openjdk-21.0.1/lib/libnio.so
7f7c9e2a5000-7f7c9e2a6000 r--p 00013000 103:02 26377162                  /home/alec/.jdks/openjdk-21.0.1/lib/libnio.so
7f7c9e2a6000-7f7c9e2a7000 rw-p 00014000 103:02 26377162                  /home/alec/.jdks/openjdk-21.0.1/lib/libnio.so
7f7c9e2a7000-7f7c9e32a000 rw-p 00000000 00:00 0 
7f7c9e32a000-7f7c9e331000 ---p 00000000 00:00 0 
7f7c9e331000-7f7c9e339000 rw-s 00000000 00:22 30659                      /tmp/hsperfdata_alec/100576
7f7c9e339000-7f7c9e359000 r-xp 00000000 103:02 26377146                  /home/alec/.jdks/openjdk-21.0.1/lib/libjava.so
7f7c9e359000-7f7c9e35a000 ---p 00020000 103:02 26377146                  /home/alec/.jdks/openjdk-21.0.1/lib/libjava.so
7f7c9e35a000-7f7c9e35b000 r--p 00020000 103:02 26377146                  /home/alec/.jdks/openjdk-21.0.1/lib/libjava.so
7f7c9e35b000-7f7c9e35c000 rw-p 00021000 103:02 26377146                  /home/alec/.jdks/openjdk-21.0.1/lib/libjava.so
7f7c9e35c000-7f7c9e35d000 rw-p 00000000 00:00 0 
7f7c9e35d000-7f7c9e36d000 r--p 00000000 103:02 57023153                  /usr/lib/libm.so.6
7f7c9e36d000-7f7c9e3ec000 r-xp 00010000 103:02 57023153                  /usr/lib/libm.so.6
7f7c9e3ec000-7f7c9e448000 r--p 0008f000 103:02 57023153                  /usr/lib/libm.so.6
7f7c9e448000-7f7c9e449000 r--p 000ea000 103:02 57023153                  /usr/lib/libm.so.6
7f7c9e449000-7f7c9e44a000 rw-p 000eb000 103:02 57023153                  /usr/lib/libm.so.6
7f7c9e44a000-7f7c9e44b000 r--p 00000000 103:02 57023260                  /usr/lib/librt.so.1
7f7c9e44b000-7f7c9e44c000 r-xp 00001000 103:02 57023260                  /usr/lib/librt.so.1
7f7c9e44c000-7f7c9e44d000 r--p 00002000 103:02 57023260                  /usr/lib/librt.so.1
7f7c9e44d000-7f7c9e44e000 r--p 00002000 103:02 57023260                  /usr/lib/librt.so.1
7f7c9e44e000-7f7c9e44f000 rw-p 00003000 103:02 57023260                  /usr/lib/librt.so.1
7f7c9e44f000-7f7c9e451000 rw-p 00000000 00:00 0 
7f7c9e451000-7f7c9e477000 r--p 00000000 103:02 57023001                  /usr/lib/libc.so.6
7f7c9e477000-7f7c9e5d1000 r-xp 00026000 103:02 57023001                  /usr/lib/libc.so.6
7f7c9e5d1000-7f7c9e625000 r--p 00180000 103:02 57023001                  /usr/lib/libc.so.6
7f7c9e625000-7f7c9e629000 r--p 001d3000 103:02 57023001                  /usr/lib/libc.so.6
7f7c9e629000-7f7c9e62b000 rw-p 001d7000 103:02 57023001                  /usr/lib/libc.so.6
7f7c9e62b000-7f7c9e633000 rw-p 00000000 00:00 0 
7f7c9e633000-7f7c9e634000 r--p 00000000 103:02 57023031                  /usr/lib/libdl.so.2
7f7c9e634000-7f7c9e635000 r-xp 00001000 103:02 57023031                  /usr/lib/libdl.so.2
7f7c9e635000-7f7c9e636000 r--p 00002000 103:02 57023031                  /usr/lib/libdl.so.2
7f7c9e636000-7f7c9e637000 r--p 00002000 103:02 57023031                  /usr/lib/libdl.so.2
7f7c9e637000-7f7c9e638000 rw-p 00003000 103:02 57023031                  /usr/lib/libdl.so.2
7f7c9e638000-7f7c9e639000 r--p 00000000 103:02 57023250                  /usr/lib/libpthread.so.0
7f7c9e639000-7f7c9e63a000 r-xp 00001000 103:02 57023250                  /usr/lib/libpthread.so.0
7f7c9e63a000-7f7c9e63b000 r--p 00002000 103:02 57023250                  /usr/lib/libpthread.so.0
7f7c9e63b000-7f7c9e63c000 r--p 00002000 103:02 57023250                  /usr/lib/libpthread.so.0
7f7c9e63c000-7f7c9e63d000 rw-p 00003000 103:02 57023250                  /usr/lib/libpthread.so.0
7f7c9e63d000-7f7c9e64b000 r-xp 00000000 103:02 26377151                  /home/alec/.jdks/openjdk-21.0.1/lib/libjli.so
7f7c9e64b000-7f7c9e64c000 ---p 0000e000 103:02 26377151                  /home/alec/.jdks/openjdk-21.0.1/lib/libjli.so
7f7c9e64c000-7f7c9e64d000 r--p 0000e000 103:02 26377151                  /home/alec/.jdks/openjdk-21.0.1/lib/libjli.so
7f7c9e64d000-7f7c9e64e000 rw-p 0000f000 103:02 26377151                  /home/alec/.jdks/openjdk-21.0.1/lib/libjli.so
7f7c9e64e000-7f7c9e651000 r--p 00000000 103:02 57036694                  /usr/lib/libz.so.1.3
7f7c9e651000-7f7c9e65f000 r-xp 00003000 103:02 57036694                  /usr/lib/libz.so.1.3
7f7c9e65f000-7f7c9e666000 r--p 00011000 103:02 57036694                  /usr/lib/libz.so.1.3
7f7c9e666000-7f7c9e667000 r--p 00017000 103:02 57036694                  /usr/lib/libz.so.1.3
7f7c9e667000-7f7c9e668000 rw-p 00018000 103:02 57036694                  /usr/lib/libz.so.1.3
7f7c9e669000-7f7c9e66a000 r--p 00000000 103:02 57047288                  /usr/share/locale/en_GB/LC_MESSAGES/libc.mo
7f7c9e66a000-7f7c9e674000 r-xp 00000000 103:02 26377141                  /home/alec/.jdks/openjdk-21.0.1/lib/libinstrument.so
7f7c9e674000-7f7c9e675000 ---p 0000a000 103:02 26377141                  /home/alec/.jdks/openjdk-21.0.1/lib/libinstrument.so
7f7c9e675000-7f7c9e676000 r--p 0000a000 103:02 26377141                  /home/alec/.jdks/openjdk-21.0.1/lib/libinstrument.so
7f7c9e676000-7f7c9e677000 rw-p 0000b000 103:02 26377141                  /home/alec/.jdks/openjdk-21.0.1/lib/libinstrument.so
7f7c9e677000-7f7c9e678000 ---p 00000000 00:00 0 
7f7c9e678000-7f7c9e679000 r--p 00000000 00:00 0 
7f7c9e679000-7f7c9e67a000 ---p 00000000 00:00 0 
7f7c9e67a000-7f7c9e695000 r-xp 00000000 103:02 26377150                  /home/alec/.jdks/openjdk-21.0.1/lib/libjimage.so
7f7c9e695000-7f7c9e696000 ---p 0001b000 103:02 26377150                  /home/alec/.jdks/openjdk-21.0.1/lib/libjimage.so
7f7c9e696000-7f7c9e698000 r--p 0001b000 103:02 26377150                  /home/alec/.jdks/openjdk-21.0.1/lib/libjimage.so
7f7c9e698000-7f7c9e699000 rw-p 0001d000 103:02 26377150                  /home/alec/.jdks/openjdk-21.0.1/lib/libjimage.so
7f7c9e699000-7f7c9e69b000 rw-p 00000000 00:00 0 
7f7c9e69b000-7f7c9e69c000 r--p 00000000 103:02 57022947                  /usr/lib/ld-linux-x86-64.so.2
7f7c9e69c000-7f7c9e6c2000 r-xp 00001000 103:02 57022947                  /usr/lib/ld-linux-x86-64.so.2
7f7c9e6c2000-7f7c9e6cc000 r--p 00027000 103:02 57022947                  /usr/lib/ld-linux-x86-64.so.2
7f7c9e6cc000-7f7c9e6ce000 r--p 00031000 103:02 57022947                  /usr/lib/ld-linux-x86-64.so.2
7f7c9e6ce000-7f7c9e6d0000 rw-p 00033000 103:02 57022947                  /usr/lib/ld-linux-x86-64.so.2
7ffd1f576000-7ffd1f597000 rw-p 00000000 00:00 0                          [stack]
7ffd1f5b8000-7ffd1f5bc000 r--p 00000000 00:00 0                          [vvar]
7ffd1f5bc000-7ffd1f5be000 r-xp 00000000 00:00 0                          [vdso]
ffffffffff600000-ffffffffff601000 --xp 00000000 00:00 0                  [vsyscall]
Total number of mappings: 218


VM Arguments:
jvm_args: --enable-preview -Djava.library.path=/home/alec/IdeaProjects/cool-fuzz -javaagent:/home/alec/.local/share/JetBrains/Toolbox/apps/intellij-idea-ultimate/lib/idea_rt.jar=37509:/home/alec/.local/share/JetBrains/Toolbox/apps/intellij-idea-ultimate/bin -Dfile.encoding=UTF-8 -Dsun.stdout.encoding=UTF-8 -Dsun.stderr.encoding=UTF-8 --module-path=/home/alec/IdeaProjects/cool-fuzz/antlr-4.13.1-complete.jar:/home/alec/IdeaProjects/cool-fuzz/iced-x86-1.20.0.jar:/home/alec/IdeaProjects/cool-fuzz/out/production/ax.xz.fuzz -Djdk.module.main=ax.xz.fuzz 
java_command: ax.xz.fuzz/ax.xz.fuzz.BigTest
java_class_path (initial): <not set>
Launcher Type: SUN_STANDARD

[Global flags]
     intx CICompilerCount                          = 4                                         {product} {ergonomic}
     uint ConcGCThreads                            = 2                                         {product} {ergonomic}
     uint G1ConcRefinementThreads                  = 8                                         {product} {ergonomic}
   size_t G1HeapRegionSize                         = 4194304                                   {product} {ergonomic}
    uintx GCDrainStackTargetSize                   = 64                                        {product} {ergonomic}
   size_t InitialHeapSize                          = 524288000                                 {product} {ergonomic}
   size_t MarkStackSize                            = 4194304                                   {product} {ergonomic}
   size_t MaxHeapSize                              = 8359247872                                {product} {ergonomic}
   size_t MaxNewSize                               = 5012193280                                {product} {ergonomic}
   size_t MinHeapDeltaBytes                        = 4194304                                   {product} {ergonomic}
   size_t MinHeapSize                              = 8388608                                   {product} {ergonomic}
    uintx NonNMethodCodeHeapSize                   = 5839372                                {pd product} {ergonomic}
    uintx NonProfiledCodeHeapSize                  = 122909434                              {pd product} {ergonomic}
    uintx ProfiledCodeHeapSize                     = 122909434                              {pd product} {ergonomic}
    uintx ReservedCodeCacheSize                    = 251658240                              {pd product} {ergonomic}
     bool SegmentedCodeCache                       = true                                      {product} {ergonomic}
   size_t SoftMaxHeapSize                          = 8359247872                             {manageable} {ergonomic}
     bool UseCompressedOops                        = true                           {product lp64_product} {ergonomic}
     bool UseG1GC                                  = true                                      {product} {ergonomic}

Logging:
Log output configuration:
 #0: stdout all=warning uptime,level,tags foldmultilines=false
 #1: stderr all=off uptime,level,tags foldmultilines=false

Environment Variables:
PATH=/home/alec/.local/bin:/usr/local/sbin:/usr/local/bin:/usr/bin:/usr/lib/jvm/default/bin:/usr/bin/site_perl:/usr/bin/vendor_perl:/usr/bin/core_perl
LD_LIBRARY_PATH=.
SHELL=/bin/zsh
DISPLAY=:0
LANG=en_GB.UTF-8
LC_NUMERIC=en_US.UTF-8
LC_TIME=en_US.UTF-8

Active Locale:
LC_ALL=LC_CTYPE=en_GB.UTF-8;LC_NUMERIC=en_US.UTF-8;LC_TIME=en_US.UTF-8;LC_COLLATE=en_GB.UTF-8;LC_MONETARY=en_US.UTF-8;LC_MESSAGES=en_GB.UTF-8;LC_PAPER=en_US.UTF-8;LC_NAME=en_US.UTF-8;LC_ADDRESS=en_US.UTF-8;LC_TELEPHONE=en_US.UTF-8;LC_MEASUREMENT=en_US.UTF-8;LC_IDENTIFICATION=en_US.UTF-8
LC_COLLATE=en_GB.UTF-8
LC_CTYPE=en_GB.UTF-8
LC_MESSAGES=en_GB.UTF-8
LC_MONETARY=en_US.UTF-8
LC_NUMERIC=en_US.UTF-8
LC_TIME=en_US.UTF-8

Signal Handlers:
   SIGSEGV: crash_handler in libjvm.so, mask=11100100010111111101111111111110, flags=SA_RESTART|SA_SIGINFO, unblocked
    SIGBUS: crash_handler in libjvm.so, mask=11100100010111111101111111111110, flags=SA_RESTART|SA_SIGINFO, unblocked
    SIGFPE: crash_handler in libjvm.so, mask=11100100010111111101111111111110, flags=SA_RESTART|SA_SIGINFO, unblocked
   SIGPIPE: javaSignalHandler in libjvm.so, mask=11100100010111111101111111111110, flags=SA_RESTART|SA_SIGINFO, blocked
   SIGXFSZ: javaSignalHandler in libjvm.so, mask=11100100010111111101111111111110, flags=SA_RESTART|SA_SIGINFO, blocked
    SIGILL: crash_handler in libjvm.so, mask=11100100010111111101111111111110, flags=SA_RESTART|SA_SIGINFO, unblocked
   SIGUSR2: SR_handler in libjvm.so, mask=00100000000000000000000000000000, flags=SA_RESTART|SA_SIGINFO, blocked
    SIGHUP: UserHandler in libjvm.so, mask=11100100010111111101111111111110, flags=SA_RESTART|SA_SIGINFO, blocked
    SIGINT: UserHandler in libjvm.so, mask=11100100010111111101111111111110, flags=SA_RESTART|SA_SIGINFO, blocked
   SIGTERM: UserHandler in libjvm.so, mask=11100100010111111101111111111110, flags=SA_RESTART|SA_SIGINFO, blocked
   SIGQUIT: UserHandler in libjvm.so, mask=11100100010111111101111111111110, flags=SA_RESTART|SA_SIGINFO, blocked
   SIGTRAP: crash_handler in libjvm.so, mask=11100100010111111101111111111110, flags=SA_RESTART|SA_SIGINFO, unblocked


Periodic native trim disabled

---------------  S Y S T E M  ---------------

OS:
DISTRIB_ID="ManjaroLinux"
DISTRIB_RELEASE="23.1.0"
DISTRIB_CODENAME="Vulcan"
DISTRIB_DESCRIPTION="Manjaro Linux"
uname: Linux 6.5.9-1-MANJARO #1 SMP PREEMPT_DYNAMIC Wed Oct 25 13:14:27 UTC 2023 x86_64
OS uptime: 2 days 6:11 hours
libc: glibc 2.38 NPTL 2.38 
rlimit (soft/hard): STACK 8192k/infinity , CORE infinity/infinity , NPROC 127430/127430 , NOFILE 524288/524288 , AS infinity/infinity , CPU infinity/infinity , DATA infinity/infinity , FSIZE infinity/infinity , MEMLOCK 8192k/8192k
load average: 0.89 1.01 0.88

/proc/meminfo:
MemTotal:       32651280 kB
MemFree:         3064928 kB
MemAvailable:   22707016 kB
Buffers:          292192 kB
Cached:         19973980 kB
SwapCached:         3692 kB
Active:          7904864 kB
Inactive:       19408164 kB
Active(anon):    6775112 kB
Inactive(anon):  1341068 kB
Active(file):    1129752 kB
Inactive(file): 18067096 kB
Unevictable:      696296 kB
Mlocked:              84 kB
SwapTotal:      35916412 kB
SwapFree:       35815436 kB
Zswap:             20944 kB
Zswapped:          96504 kB
Dirty:             18204 kB
Writeback:             0 kB
AnonPages:       7423772 kB
Mapped:          1903628 kB
Shmem:           1069324 kB
KReclaimable:     966400 kB
Slab:            1218420 kB
SReclaimable:     966400 kB
SUnreclaim:       252020 kB
KernelStack:       25252 kB
PageTables:        70200 kB
SecPageTables:         0 kB
NFS_Unstable:          0 kB
Bounce:                0 kB
WritebackTmp:          0 kB
CommitLimit:    52242052 kB
Committed_AS:   24511144 kB
VmallocTotal:   34359738367 kB
VmallocUsed:       77140 kB
VmallocChunk:          0 kB
Percpu:             5696 kB
HardwareCorrupted:     0 kB
AnonHugePages:   3110912 kB
ShmemHugePages:   544768 kB
ShmemPmdMapped:        0 kB
FileHugePages:    186368 kB
FilePmdMapped:    169984 kB
CmaTotal:              0 kB
CmaFree:               0 kB
Unaccepted:            0 kB
HugePages_Total:       0
HugePages_Free:        0
HugePages_Rsvd:        0
HugePages_Surp:        0
Hugepagesize:       2048 kB
Hugetlb:               0 kB
DirectMap4k:      353984 kB
DirectMap2M:    18298880 kB
DirectMap1G:    14680064 kB

/sys/kernel/mm/transparent_hugepage/enabled: [always] madvise never
/sys/kernel/mm/transparent_hugepage/defrag (defrag/compaction efforts parameter): always defer defer+madvise [madvise] never

Process Memory:
Virtual Size: 11252928K (peak: 11314172K)
Resident Set Size: 74424K (peak: 74424K) (anon: 49256K, file: 25168K, shmem: 0K)
Swapped out: 0K
C-Heap outstanding allocations: 32099K, retained: 3172K
glibc malloc tunables: (default)

/proc/sys/kernel/threads-max (system-wide limit on the number of threads): 254860
/proc/sys/vm/max_map_count (maximum number of memory map areas a process may have): 65530
/proc/sys/kernel/pid_max (system-wide limit on number of process identifiers): 4194304

container (cgroup) information:
container_type: cgroupv2
cpu_cpuset_cpus: not supported
cpu_memory_nodes: not supported
active_processor_count: 8
cpu_quota: not supported
cpu_period: not supported
cpu_shares: not supported
memory_limit_in_bytes: unlimited
memory_and_swap_limit_in_bytes: unlimited
memory_soft_limit_in_bytes: unlimited
memory_usage_in_bytes: 3978484 k
memory_max_usage_in_bytes: not supported
memory_swap_current_in_bytes: unlimited
memory_swap_max_limit_in_bytes: unlimited
maximum number of tasks: 38229
current number of tasks: 193

Steal ticks since vm start: 0
Steal ticks percentage since vm start:  0.000

CPU: total 8 (initial active 8) (4 cores per cpu, 2 threads per core) family 6 model 140 stepping 1 microcode 0xac, cx8, cmov, fxsr, ht, mmx, 3dnowpref, sse, sse2, sse3, ssse3, sse4.1, sse4.2, popcnt, lzcnt, tsc, tscinvbit, avx, avx2, aes, erms, clmul, bmi1, bmi2, adx, avx512f, avx512dq, avx512cd, avx512bw, avx512vl, sha, fma, vzeroupper, avx512_vpopcntdq, avx512_vpclmulqdq, avx512_vaes, avx512_vnni, clflush, clflushopt, clwb, avx512_vbmi2, avx512_vbmi, rdtscp, rdpid, fsrm, gfni, avx512_bitalg, f16c, pku, ospke, cet_ibt, cet_ss, avx512_ifma
CPU Model and flags from /proc/cpuinfo:
model name	: 11th Gen Intel(R) Core(TM) i7-1185G7 @ 3.00GHz
flags		: fpu vme de pse tsc msr pae mce cx8 apic sep mtrr pge mca cmov pat pse36 clflush dts acpi mmx fxsr sse sse2 ss ht tm pbe syscall nx pdpe1gb rdtscp lm constant_tsc art arch_perfmon pebs bts rep_good nopl xtopology nonstop_tsc cpuid aperfmperf tsc_known_freq pni pclmulqdq dtes64 monitor ds_cpl vmx smx est tm2 ssse3 sdbg fma cx16 xtpr pdcm pcid sse4_1 sse4_2 x2apic movbe popcnt tsc_deadline_timer aes xsave avx f16c rdrand lahf_lm abm 3dnowprefetch cpuid_fault epb cat_l2 invpcid_single cdp_l2 ssbd ibrs ibpb stibp ibrs_enhanced tpr_shadow flexpriority ept vpid ept_ad fsgsbase tsc_adjust bmi1 avx2 smep bmi2 erms invpcid rdt_a avx512f avx512dq rdseed adx smap avx512ifma clflushopt clwb intel_pt avx512cd sha_ni avx512bw avx512vl xsaveopt xsavec xgetbv1 xsaves split_lock_detect dtherm ida arat pln pts hwp hwp_notify hwp_act_window hwp_epp hwp_pkg_req vnmi avx512vbmi umip pku ospke avx512_vbmi2 gfni vaes vpclmulqdq avx512_vnni avx512_bitalg tme avx512_vpopcntdq rdpid movdiri movdir64b fsrm avx512_vp2intersect md_clear ibt flush_l1d arch_capabilities

Online cpus: 0-7
Offline cpus: 
BIOS frequency limitation: <Not Available>
Frequency switch latency (ns): 0
Available cpu frequencies: <Not Available>
Current governor: powersave
Core performance/turbo boost: <Not Available>

Memory: 4k page, physical 32651280k(22707016k free), swap 35916412k(35815436k free)
Page Sizes: 4k

vm_info: OpenJDK 64-Bit Server VM (21.0.1+12-29) for linux-amd64 JRE (21.0.1+12-29), built on 2023-10-05T13:27:09Z by "mach5one" with gcc 11.2.0

END.
